[+] Containers:
 |- [+] Container: /Game/Dynamic/Maps/Debut-SkyScraperMap
 |   |- [+] ActorDescs:
 |   |   |- Guid:03920DF94EEFC9F86CC66185D32A3DA1 BaseClass: NativeClass:/Script/Engine.StaticMeshActor Name:StaticMeshActor_UAID_A4AE111137DC54FB00_1240666663 Label:SM_SkySphere SpatiallyLoaded:0 Bounds:Invalid RuntimeGrid:None EditorOnly:0 RuntimeOnly:0 HLODRelevant:0 ListedInSceneOutliner:1 IsMainWorldOnly:1 FolderPath:Lighting FolderGuid:B7E9BD5B45A652654791988DEF54CCEB
 |   |   |- Guid:0550E94B443D34A7B2695084EF73CA8E BaseClass: NativeClass:/Script/Landscape.LandscapeStreamingProxy Name:LandscapeStreamingProxy_D7T4VF4LBP34PHV9XOEVM5TIG_1_7_5_0 Label:LandscapeStreamingProxy_7_5_0 SpatiallyLoaded:1 Bounds:Invalid RuntimeGrid:None EditorOnly:0 RuntimeOnly:0 HLODRelevant:0 ListedInSceneOutliner:1 IsMainWorldOnly:0
 |   |   |- Guid:0D7DFFA243DD16C5B1F9FBB6ECBB6CA1 BaseClass: NativeClass:/Script/Landscape.LandscapeStreamingProxy Name:LandscapeStreamingProxy_D7T4VF4LBP34PHV9XOEVM5TIG_1_7_7_0 Label:LandscapeStreamingProxy_7_7_0 SpatiallyLoaded:1 Bounds:Invalid RuntimeGrid:None EditorOnly:0 RuntimeOnly:0 HLODRelevant:0 ListedInSceneOutliner:1 IsMainWorldOnly:0
 |   |   |- Guid:0DDC8FEF4BE2623E6DE4258EC6ECD3DC BaseClass: NativeClass:/Script/Landscape.LandscapeStreamingProxy Name:LandscapeStreamingProxy_D7T4VF4LBP34PHV9XOEVM5TIG_1_4_7_0 Label:LandscapeStreamingProxy_4_7_0 SpatiallyLoaded:1 Bounds:Invalid RuntimeGrid:None EditorOnly:0 RuntimeOnly:0 HLODRelevant:0 ListedInSceneOutliner:1 IsMainWorldOnly:0
 |   |   |- Guid:0F50219442076B159B714299B6BD4A95 BaseClass: NativeClass:/Script/Landscape.LandscapeStreamingProxy Name:LandscapeStreamingProxy_D7T4VF4LBP34PHV9XOEVM5TIG_1_2_0_0 Label:LandscapeStreamingProxy_2_0_0 SpatiallyLoaded:1 Bounds:Invalid RuntimeGrid:None EditorOnly:0 RuntimeOnly:0 HLODRelevant:0 ListedInSceneOutliner:1 IsMainWorldOnly:0
 |   |   |- Guid:1132963840A0BF90C8F6FB9C03D28EDC BaseClass: NativeClass:/Script/Landscape.LandscapeStreamingProxy Name:LandscapeStreamingProxy_D7T4VF4LBP34PHV9XOEVM5TIG_1_1_4_0 Label:LandscapeStreamingProxy_1_4_0 SpatiallyLoaded:1 Bounds:Invalid RuntimeGrid:None EditorOnly:0 RuntimeOnly:0 HLODRelevant:0 ListedInSceneOutliner:1 IsMainWorldOnly:0
 |   |   |- Guid:146D3E3040BAFC1FB8BF4ABC272DA94F BaseClass: NativeClass:/Script/Landscape.LandscapeStreamingProxy Name:LandscapeStreamingProxy_D7T4VF4LBP34PHV9XOEVM5TIG_1_5_2_0 Label:LandscapeStreamingProxy_5_2_0 SpatiallyLoaded:1 Bounds:Invalid RuntimeGrid:None EditorOnly:0 RuntimeOnly:0 HLODRelevant:0 ListedInSceneOutliner:1 IsMainWorldOnly:0
 |   |   |- Guid:1AF28111448240DDAB2EABBF2988B403 BaseClass: NativeClass:/Script/Landscape.LandscapeStreamingProxy Name:LandscapeStreamingProxy_D7T4VF4LBP34PHV9XOEVM5TIG_1_1_0_0 Label:LandscapeStreamingProxy_1_0_0 SpatiallyLoaded:1 Bounds:Invalid RuntimeGrid:None EditorOnly:0 RuntimeOnly:0 HLODRelevant:0 ListedInSceneOutliner:1 IsMainWorldOnly:0
 |   |   |- Guid:1C18DE7D494342D016B686A01B18F71D BaseClass: NativeClass:/Script/Landscape.LandscapeStreamingProxy Name:LandscapeStreamingProxy_D7T4VF4LBP34PHV9XOEVM5TIG_1_2_3_0 Label:LandscapeStreamingProxy_2_3_0 SpatiallyLoaded:1 Bounds:Invalid RuntimeGrid:None EditorOnly:0 RuntimeOnly:0 HLODRelevant:0 ListedInSceneOutliner:1 IsMainWorldOnly:0
 |   |   |- Guid:1D3D26F04B6DC10BEFB5B69E5CF914C8 BaseClass: NativeClass:/Script/Engine.VolumetricCloud Name:VolumetricCloud_UAID_A85E45CFE40401D200_1470381760 Label:VolumetricCloud SpatiallyLoaded:0 Bounds:Invalid RuntimeGrid:None EditorOnly:0 RuntimeOnly:0 HLODRelevant:0 ListedInSceneOutliner:1 IsMainWorldOnly:0 FolderPath:Lighting FolderGuid:B7E9BD5B45A652654791988DEF54CCEB
 |   |   |- Guid:1DE8D7AC4103A2EABA11649C7FCF8ACA BaseClass: NativeClass:/Script/Engine.SkyLight Name:SkyLight_UAID_A85E45CFE40401D200_1470380759 Label:SkyLight SpatiallyLoaded:0 Bounds:Invalid RuntimeGrid:None EditorOnly:0 RuntimeOnly:0 HLODRelevant:0 ListedInSceneOutliner:1 IsMainWorldOnly:0 FolderPath:Lighting FolderGuid:B7E9BD5B45A652654791988DEF54CCEB
 |   |   |- Guid:1E7A6AD4437B2258C36CB490664720EA BaseClass: NativeClass:/Script/Landscape.LandscapeStreamingProxy Name:LandscapeStreamingProxy_D7T4VF4LBP34PHV9XOEVM5TIG_1_5_3_0 Label:LandscapeStreamingProxy_5_3_0 SpatiallyLoaded:1 Bounds:Invalid RuntimeGrid:None EditorOnly:0 RuntimeOnly:0 HLODRelevant:0 ListedInSceneOutliner:1 IsMainWorldOnly:0
 |   |   |- Guid:218E3B124735712D7EF272B4FB8E7FF6 BaseClass: NativeClass:/Script/Landscape.Landscape Name:Landscape_UAID_A85E45CFE404FBD100_1221515703 Label:Landscape SpatiallyLoaded:0 Bounds:Invalid RuntimeGrid:None EditorOnly:0 RuntimeOnly:0 HLODRelevant:0 ListedInSceneOutliner:1 IsMainWorldOnly:0
 |   |   |- Guid:2347681E4EBE5CEECBE9DBBC1DBA11C1 BaseClass: NativeClass:/Script/Landscape.LandscapeStreamingProxy Name:LandscapeStreamingProxy_D7T4VF4LBP34PHV9XOEVM5TIG_1_1_6_0 Label:LandscapeStreamingProxy_1_6_0 SpatiallyLoaded:1 Bounds:Invalid RuntimeGrid:None EditorOnly:0 RuntimeOnly:0 HLODRelevant:0 ListedInSceneOutliner:1 IsMainWorldOnly:0
 |   |   |- Guid:2CE12F874AA39D020A0F4BA5739BD305 BaseClass: NativeClass:/Script/Engine.SkyAtmosphere Name:SkyAtmosphere_UAID_A85E45CFE40401D200_1470382762 Label:SkyAtmosphere SpatiallyLoaded:0 Bounds:Invalid RuntimeGrid:None EditorOnly:0 RuntimeOnly:0 HLODRelevant:0 ListedInSceneOutliner:1 IsMainWorldOnly:0 FolderPath:Lighting FolderGuid:B7E9BD5B45A652654791988DEF54CCEB
 |   |   |- Guid:2D25D44D481345FBF8570EB1B7BD1A3E BaseClass: NativeClass:/Script/Landscape.LandscapeStreamingProxy Name:LandscapeStreamingProxy_D7T4VF4LBP34PHV9XOEVM5TIG_1_0_6_0 Label:LandscapeStreamingProxy_0_6_0 SpatiallyLoaded:1 Bounds:Invalid RuntimeGrid:None EditorOnly:0 RuntimeOnly:0 HLODRelevant:0 ListedInSceneOutliner:1 IsMainWorldOnly:0
 |   |   |- Guid:2DB3FDE64E76043E654E15809FAF173E BaseClass: NativeClass:/Script/Landscape.LandscapeStreamingProxy Name:LandscapeStreamingProxy_D7T4VF4LBP34PHV9XOEVM5TIG_1_7_3_0 Label:LandscapeStreamingProxy_7_3_0 SpatiallyLoaded:1 Bounds:Invalid RuntimeGrid:None EditorOnly:0 RuntimeOnly:0 HLODRelevant:0 ListedInSceneOutliner:1 IsMainWorldOnly:0
 |   |   |- Guid:2ECDB0F14C38AB1F3D274DAFA9305640 BaseClass: NativeClass:/Script/Landscape.LandscapeStreamingProxy Name:LandscapeStreamingProxy_D7T4VF4LBP34PHV9XOEVM5TIG_1_0_3_0 Label:LandscapeStreamingProxy_0_3_0 SpatiallyLoaded:1 Bounds:Invalid RuntimeGrid:None EditorOnly:0 RuntimeOnly:0 HLODRelevant:0 ListedInSceneOutliner:1 IsMainWorldOnly:0
 |   |   |- Guid:31A5522843888425734F278F802A023B BaseClass: NativeClass:/Script/Landscape.LandscapeStreamingProxy Name:LandscapeStreamingProxy_D7T4VF4LBP34PHV9XOEVM5TIG_1_3_2_0 Label:LandscapeStreamingProxy_3_2_0 SpatiallyLoaded:1 Bounds:Invalid RuntimeGrid:None EditorOnly:0 RuntimeOnly:0 HLODRelevant:0 ListedInSceneOutliner:1 IsMainWorldOnly:0
 |   |   |- Guid:32DDDAF945E661594B761F842823F664 BaseClass: NativeClass:/Script/Landscape.LandscapeStreamingProxy Name:LandscapeStreamingProxy_D7T4VF4LBP34PHV9XOEVM5TIG_1_7_0_0 Label:LandscapeStreamingProxy_7_0_0 SpatiallyLoaded:1 Bounds:Invalid RuntimeGrid:None EditorOnly:0 RuntimeOnly:0 HLODRelevant:0 ListedInSceneOutliner:1 IsMainWorldOnly:0
 |   |   |- Guid:39F0C4EA4AC6F620731F8A985F1BA794 BaseClass: NativeClass:/Script/Landscape.LandscapeStreamingProxy Name:LandscapeStreamingProxy_D7T4VF4LBP34PHV9XOEVM5TIG_1_0_4_0 Label:LandscapeStreamingProxy_0_4_0 SpatiallyLoaded:1 Bounds:Invalid RuntimeGrid:None EditorOnly:0 RuntimeOnly:0 HLODRelevant:0 ListedInSceneOutliner:1 IsMainWorldOnly:0
 |   |   |- Guid:3E25F0A8458FB2B2C4FDCCBEFBB79D7C BaseClass: NativeClass:/Script/Landscape.LandscapeStreamingProxy Name:LandscapeStreamingProxy_D7T4VF4LBP34PHV9XOEVM5TIG_1_7_6_0 Label:LandscapeStreamingProxy_7_6_0 SpatiallyLoaded:1 Bounds:Invalid RuntimeGrid:None EditorOnly:0 RuntimeOnly:0 HLODRelevant:0 ListedInSceneOutliner:1 IsMainWorldOnly:0
 |   |   |- Guid:3F36F6E343853B5EFB38DF82C9F47BC1 BaseClass: NativeClass:/Script/Landscape.LandscapeStreamingProxy Name:LandscapeStreamingProxy_D7T4VF4LBP34PHV9XOEVM5TIG_1_3_6_0 Label:LandscapeStreamingProxy_3_6_0 SpatiallyLoaded:1 Bounds:Invalid RuntimeGrid:None EditorOnly:0 RuntimeOnly:0 HLODRelevant:0 ListedInSceneOutliner:1 IsMainWorldOnly:0
 |   |   |- Guid:46A29806469824C0618DAD88DBCE1F7B BaseClass: NativeClass:/Script/Landscape.LandscapeStreamingProxy Name:LandscapeStreamingProxy_D7T4VF4LBP34PHV9XOEVM5TIG_1_2_2_0 Label:LandscapeStreamingProxy_2_2_0 SpatiallyLoaded:1 Bounds:Invalid RuntimeGrid:None EditorOnly:0 RuntimeOnly:0 HLODRelevant:0 ListedInSceneOutliner:1 IsMainWorldOnly:0
 |   |   |- Guid:4D9AE693421FB4AF0B84F3ABB4069600 BaseClass: NativeClass:/Script/Landscape.LandscapeStreamingProxy Name:LandscapeStreamingProxy_D7T4VF4LBP34PHV9XOEVM5TIG_1_4_0_0 Label:LandscapeStreamingProxy_4_0_0 SpatiallyLoaded:1 Bounds:Invalid RuntimeGrid:None EditorOnly:0 RuntimeOnly:0 HLODRelevant:0 ListedInSceneOutliner:1 IsMainWorldOnly:0
 |   |   |- Guid:5368FABB47D6D9580DAECA8B0417BF92 BaseClass: NativeClass:/Script/Engine.WorldDataLayers Name:WorldDataLayers Label:WorldDataLayers-1 SpatiallyLoaded:0 Bounds:Invalid RuntimeGrid:None EditorOnly:0 RuntimeOnly:0 HLODRelevant:0 ListedInSceneOutliner:1 IsMainWorldOnly:1
 |   |   |- Guid:5467074D485A504DB8C24CAD0B80AB77 BaseClass: NativeClass:/Script/Landscape.LandscapeStreamingProxy Name:LandscapeStreamingProxy_D7T4VF4LBP34PHV9XOEVM5TIG_1_1_2_0 Label:LandscapeStreamingProxy_1_2_0 SpatiallyLoaded:1 Bounds:Invalid RuntimeGrid:None EditorOnly:0 RuntimeOnly:0 HLODRelevant:0 ListedInSceneOutliner:1 IsMainWorldOnly:0
 |   |   |- Guid:565205A14B72B1C79932C09B8AA708FB BaseClass: NativeClass:/Script/Landscape.LandscapeStreamingProxy Name:LandscapeStreamingProxy_D7T4VF4LBP34PHV9XOEVM5TIG_1_2_7_0 Label:LandscapeStreamingProxy_2_7_0 SpatiallyLoaded:1 Bounds:Invalid RuntimeGrid:None EditorOnly:0 RuntimeOnly:0 HLODRelevant:0 ListedInSceneOutliner:1 IsMainWorldOnly:0
 |   |   |- Guid:58E9C3B64D12DE671F037881A2E880D7 BaseClass: NativeClass:/Script/Landscape.LandscapeStreamingProxy Name:LandscapeStreamingProxy_D7T4VF4LBP34PHV9XOEVM5TIG_1_2_1_0 Label:LandscapeStreamingProxy_2_1_0 SpatiallyLoaded:1 Bounds:Invalid RuntimeGrid:None EditorOnly:0 RuntimeOnly:0 HLODRelevant:0 ListedInSceneOutliner:1 IsMainWorldOnly:0
 |   |   |- Guid:59C0CF754809E4A615B6B893483C5902 BaseClass: NativeClass:/Script/Landscape.LandscapeStreamingProxy Name:LandscapeStreamingProxy_D7T4VF4LBP34PHV9XOEVM5TIG_1_0_1_0 Label:LandscapeStreamingProxy_0_1_0 SpatiallyLoaded:1 Bounds:Invalid RuntimeGrid:None EditorOnly:0 RuntimeOnly:0 HLODRelevant:0 ListedInSceneOutliner:1 IsMainWorldOnly:0
 |   |   |- Guid:5C483AD7457FCF8C55871D883FCE7EAF BaseClass: NativeClass:/Script/Landscape.LandscapeStreamingProxy Name:LandscapeStreamingProxy_D7T4VF4LBP34PHV9XOEVM5TIG_1_6_1_0 Label:LandscapeStreamingProxy_6_1_0 SpatiallyLoaded:1 Bounds:Invalid RuntimeGrid:None EditorOnly:0 RuntimeOnly:0 HLODRelevant:0 ListedInSceneOutliner:1 IsMainWorldOnly:0
 |   |   |- Guid:64972DB740F13CE5190779A0B9CBA4EA BaseClass: NativeClass:/Script/Landscape.LandscapeStreamingProxy Name:LandscapeStreamingProxy_D7T4VF4LBP34PHV9XOEVM5TIG_1_1_5_0 Label:LandscapeStreamingProxy_1_5_0 SpatiallyLoaded:1 Bounds:Invalid RuntimeGrid:None EditorOnly:0 RuntimeOnly:0 HLODRelevant:0 ListedInSceneOutliner:1 IsMainWorldOnly:0
 |   |   |- Guid:6F77DF4E483D4B5A103A83BF8FB30F3A BaseClass: NativeClass:/Script/Landscape.LandscapeStreamingProxy Name:LandscapeStreamingProxy_D7T4VF4LBP34PHV9XOEVM5TIG_1_6_7_0 Label:LandscapeStreamingProxy_6_7_0 SpatiallyLoaded:1 Bounds:Invalid RuntimeGrid:None EditorOnly:0 RuntimeOnly:0 HLODRelevant:0 ListedInSceneOutliner:1 IsMainWorldOnly:0
 |   |   |- Guid:707D0D104A1A6DBFBBD050AD016E1BA7 BaseClass: NativeClass:/Script/Landscape.LandscapeStreamingProxy Name:LandscapeStreamingProxy_D7T4VF4LBP34PHV9XOEVM5TIG_1_4_4_0 Label:LandscapeStreamingProxy_4_4_0 SpatiallyLoaded:1 Bounds:Invalid RuntimeGrid:None EditorOnly:0 RuntimeOnly:0 HLODRelevant:0 ListedInSceneOutliner:1 IsMainWorldOnly:0
 |   |   |- Guid:7DCB8EFE498FFD99EE494192AD474A2A BaseClass: NativeClass:/Script/Landscape.LandscapeStreamingProxy Name:LandscapeStreamingProxy_D7T4VF4LBP34PHV9XOEVM5TIG_1_2_4_0 Label:LandscapeStreamingProxy_2_4_0 SpatiallyLoaded:1 Bounds:Invalid RuntimeGrid:None EditorOnly:0 RuntimeOnly:0 HLODRelevant:0 ListedInSceneOutliner:1 IsMainWorldOnly:0
 |   |   |- Guid:7E8DF15942F955BCCAB7DB92DF810682 BaseClass: NativeClass:/Script/Landscape.LandscapeStreamingProxy Name:LandscapeStreamingProxy_D7T4VF4LBP34PHV9XOEVM5TIG_1_6_5_0 Label:LandscapeStreamingProxy_6_5_0 SpatiallyLoaded:1 Bounds:Invalid RuntimeGrid:None EditorOnly:0 RuntimeOnly:0 HLODRelevant:0 ListedInSceneOutliner:1 IsMainWorldOnly:0
 |   |   |- Guid:82111EBA4245874D247823848B4F1385 BaseClass: NativeClass:/Script/Landscape.LandscapeStreamingProxy Name:LandscapeStreamingProxy_D7T4VF4LBP34PHV9XOEVM5TIG_1_4_3_0 Label:LandscapeStreamingProxy_4_3_0 SpatiallyLoaded:1 Bounds:Invalid RuntimeGrid:None EditorOnly:0 RuntimeOnly:0 HLODRelevant:0 ListedInSceneOutliner:1 IsMainWorldOnly:0
 |   |   |- Guid:83CD9E0B4741741D139767A8EC49B809 BaseClass: NativeClass:/Script/Landscape.LandscapeStreamingProxy Name:LandscapeStreamingProxy_D7T4VF4LBP34PHV9XOEVM5TIG_1_0_2_0 Label:LandscapeStreamingProxy_0_2_0 SpatiallyLoaded:1 Bounds:Invalid RuntimeGrid:None EditorOnly:0 RuntimeOnly:0 HLODRelevant:0 ListedInSceneOutliner:1 IsMainWorldOnly:0
 |   |   |- Guid:86CD868B4D294F95E7F12283BB07ED1F BaseClass: NativeClass:/Script/Landscape.LandscapeStreamingProxy Name:LandscapeStreamingProxy_D7T4VF4LBP34PHV9XOEVM5TIG_1_6_0_0 Label:LandscapeStreamingProxy_6_0_0 SpatiallyLoaded:1 Bounds:Invalid RuntimeGrid:None EditorOnly:0 RuntimeOnly:0 HLODRelevant:0 ListedInSceneOutliner:1 IsMainWorldOnly:0
 |   |   |- Guid:87184C7F45B16AFDB24868B24172272E BaseClass: NativeClass:/Script/Landscape.LandscapeStreamingProxy Name:LandscapeStreamingProxy_D7T4VF4LBP34PHV9XOEVM5TIG_1_6_2_0 Label:LandscapeStreamingProxy_6_2_0 SpatiallyLoaded:1 Bounds:Invalid RuntimeGrid:None EditorOnly:0 RuntimeOnly:0 HLODRelevant:0 ListedInSceneOutliner:1 IsMainWorldOnly:0
 |   |   |- Guid:8791D2724B21E0ACF8333DA12ED7411D BaseClass: NativeClass:/Script/Engine.StaticMeshActor Name:StaticMeshActor_UAID_04ECD857BB0A295402_1308623416 Label:Cube SpatiallyLoaded:1 Bounds:Invalid RuntimeGrid:None EditorOnly:0 RuntimeOnly:0 HLODRelevant:0 ListedInSceneOutliner:1 IsMainWorldOnly:0
 |   |   |- Guid:8DE603264C3E497D33EABCA47DEF582C BaseClass: NativeClass:/Script/Landscape.LandscapeStreamingProxy Name:LandscapeStreamingProxy_D7T4VF4LBP34PHV9XOEVM5TIG_1_1_1_0 Label:LandscapeStreamingProxy_1_1_0 SpatiallyLoaded:1 Bounds:Invalid RuntimeGrid:None EditorOnly:0 RuntimeOnly:0 HLODRelevant:0 ListedInSceneOutliner:1 IsMainWorldOnly:0
 |   |   |- Guid:8E5BA17B4086F5FC0291D1A92F7F73F4 BaseClass: NativeClass:/Script/Landscape.LandscapeStreamingProxy Name:LandscapeStreamingProxy_D7T4VF4LBP34PHV9XOEVM5TIG_1_5_7_0 Label:LandscapeStreamingProxy_5_7_0 SpatiallyLoaded:1 Bounds:Invalid RuntimeGrid:None EditorOnly:0 RuntimeOnly:0 HLODRelevant:0 ListedInSceneOutliner:1 IsMainWorldOnly:0
 |   |   |- Guid:8F0C78FE4D46BC07F60A91A87475E7E8 BaseClass: NativeClass:/Script/Landscape.LandscapeStreamingProxy Name:LandscapeStreamingProxy_D7T4VF4LBP34PHV9XOEVM5TIG_1_4_1_0 Label:LandscapeStreamingProxy_4_1_0 SpatiallyLoaded:1 Bounds:Invalid RuntimeGrid:None EditorOnly:0 RuntimeOnly:0 HLODRelevant:0 ListedInSceneOutliner:1 IsMainWorldOnly:0
 |   |   |- Guid:939A2F334C34B3E545C41391CBDF2D38 BaseClass: NativeClass:/Script/Landscape.LandscapeStreamingProxy Name:LandscapeStreamingProxy_D7T4VF4LBP34PHV9XOEVM5TIG_1_5_0_0 Label:LandscapeStreamingProxy_5_0_0 SpatiallyLoaded:1 Bounds:Invalid RuntimeGrid:None EditorOnly:0 RuntimeOnly:0 HLODRelevant:0 ListedInSceneOutliner:1 IsMainWorldOnly:0
 |   |   |- Guid:962D6BE34E7839A2A94E65B8F6CE5D43 BaseClass: NativeClass:/Script/Engine.PlayerStart Name:PlayerStart_UAID_F02F74551BF5599B01_1153002503 Label:PlayerStart SpatiallyLoaded:0 Bounds:Invalid RuntimeGrid:None EditorOnly:0 RuntimeOnly:0 HLODRelevant:0 ListedInSceneOutliner:1 IsMainWorldOnly:0
 |   |   |- Guid:986A09ED4961A78E34EE1981B2281B28 BaseClass: NativeClass:/Script/Landscape.LandscapeStreamingProxy Name:LandscapeStreamingProxy_D7T4VF4LBP34PHV9XOEVM5TIG_1_6_4_0 Label:LandscapeStreamingProxy_6_4_0 SpatiallyLoaded:1 Bounds:Invalid RuntimeGrid:None EditorOnly:0 RuntimeOnly:0 HLODRelevant:0 ListedInSceneOutliner:1 IsMainWorldOnly:0
 |   |   |- Guid:988456E1464ED6902163CB8467235B9D BaseClass: NativeClass:/Script/Landscape.LandscapeStreamingProxy Name:LandscapeStreamingProxy_D7T4VF4LBP34PHV9XOEVM5TIG_1_0_7_0 Label:LandscapeStreamingProxy_0_7_0 SpatiallyLoaded:1 Bounds:Invalid RuntimeGrid:None EditorOnly:0 RuntimeOnly:0 HLODRelevant:0 ListedInSceneOutliner:1 IsMainWorldOnly:0
 |   |   |- Guid:9AA48BD04CB873661E75B0973B2BF04A BaseClass: NativeClass:/Script/Landscape.LandscapeStreamingProxy Name:LandscapeStreamingProxy_D7T4VF4LBP34PHV9XOEVM5TIG_1_3_5_0 Label:LandscapeStreamingProxy_3_5_0 SpatiallyLoaded:1 Bounds:Invalid RuntimeGrid:None EditorOnly:0 RuntimeOnly:0 HLODRelevant:0 ListedInSceneOutliner:1 IsMainWorldOnly:0
 |   |   |- Guid:9C73710A434FD4583E950EACD9707470 BaseClass: NativeClass:/Script/Landscape.LandscapeStreamingProxy Name:LandscapeStreamingProxy_D7T4VF4LBP34PHV9XOEVM5TIG_1_7_2_0 Label:LandscapeStreamingProxy_7_2_0 SpatiallyLoaded:1 Bounds:Invalid RuntimeGrid:None EditorOnly:0 RuntimeOnly:0 HLODRelevant:0 ListedInSceneOutliner:1 IsMainWorldOnly:0
 |   |   |- Guid:9CBBDFD8486812AAE8770CB093DB7460 BaseClass: NativeClass:/Script/Landscape.LandscapeStreamingProxy Name:LandscapeStreamingProxy_D7T4VF4LBP34PHV9XOEVM5TIG_1_3_4_0 Label:LandscapeStreamingProxy_3_4_0 SpatiallyLoaded:1 Bounds:Invalid RuntimeGrid:None EditorOnly:0 RuntimeOnly:0 HLODRelevant:0 ListedInSceneOutliner:1 IsMainWorldOnly:0
 |   |   |- Guid:9F1FD8B14EFA2FFE8955F0893F732321 BaseClass: NativeClass:/Script/Landscape.LandscapeStreamingProxy Name:LandscapeStreamingProxy_D7T4VF4LBP34PHV9XOEVM5TIG_1_4_2_0 Label:LandscapeStreamingProxy_4_2_0 SpatiallyLoaded:1 Bounds:Invalid RuntimeGrid:None EditorOnly:0 RuntimeOnly:0 HLODRelevant:0 ListedInSceneOutliner:1 IsMainWorldOnly:0
 |   |   |- Guid:A35DA04D499AEDD6011C6B8293B4BE2B BaseClass: NativeClass:/Script/Landscape.LandscapeStreamingProxy Name:LandscapeStreamingProxy_D7T4VF4LBP34PHV9XOEVM5TIG_1_1_7_0 Label:LandscapeStreamingProxy_1_7_0 SpatiallyLoaded:1 Bounds:Invalid RuntimeGrid:None EditorOnly:0 RuntimeOnly:0 HLODRelevant:0 ListedInSceneOutliner:1 IsMainWorldOnly:0
 |   |   |- Guid:A6E4B2F64282645AA7756082104E8B9D BaseClass: NativeClass:/Script/Landscape.LandscapeStreamingProxy Name:LandscapeStreamingProxy_D7T4VF4LBP34PHV9XOEVM5TIG_1_3_7_0 Label:LandscapeStreamingProxy_3_7_0 SpatiallyLoaded:1 Bounds:Invalid RuntimeGrid:None EditorOnly:0 RuntimeOnly:0 HLODRelevant:0 ListedInSceneOutliner:1 IsMainWorldOnly:0
 |   |   |- Guid:A882235E449D71AC064105B4EA3F9518 BaseClass: NativeClass:/Script/Landscape.LandscapeStreamingProxy Name:LandscapeStreamingProxy_D7T4VF4LBP34PHV9XOEVM5TIG_1_2_5_0 Label:LandscapeStreamingProxy_2_5_0 SpatiallyLoaded:1 Bounds:Invalid RuntimeGrid:None EditorOnly:0 RuntimeOnly:0 HLODRelevant:0 ListedInSceneOutliner:1 IsMainWorldOnly:0
 |   |   |- Guid:AAAC6B5742760A58C2206DB37E44683C BaseClass: NativeClass:/Script/Engine.DirectionalLight Name:DirectionalLight_UAID_A85E45CFE40401D200_1470382761 Label:DirectionalLight SpatiallyLoaded:0 Bounds:Invalid RuntimeGrid:None EditorOnly:0 RuntimeOnly:0 HLODRelevant:0 ListedInSceneOutliner:1 IsMainWorldOnly:1 FolderPath:Lighting FolderGuid:B7E9BD5B45A652654791988DEF54CCEB
 |   |   |- Guid:AE565297405B1809622B45ADC2750875 BaseClass: NativeClass:/Script/Landscape.LandscapeStreamingProxy Name:LandscapeStreamingProxy_D7T4VF4LBP34PHV9XOEVM5TIG_1_5_4_0 Label:LandscapeStreamingProxy_5_4_0 SpatiallyLoaded:1 Bounds:Invalid RuntimeGrid:None EditorOnly:0 RuntimeOnly:0 HLODRelevant:0 ListedInSceneOutliner:1 IsMainWorldOnly:0
 |   |   |- Guid:B0E3D56F46177253EEFE85A57AC65398 BaseClass: NativeClass:/Script/Landscape.LandscapeStreamingProxy Name:LandscapeStreamingProxy_D7T4VF4LBP34PHV9XOEVM5TIG_1_6_3_0 Label:LandscapeStreamingProxy_6_3_0 SpatiallyLoaded:1 Bounds:Invalid RuntimeGrid:None EditorOnly:0 RuntimeOnly:0 HLODRelevant:0 ListedInSceneOutliner:1 IsMainWorldOnly:0
 |   |   |- Guid:B604844948BFF24FCAEFC18CD69A7FF7 BaseClass: NativeClass:/Script/Landscape.LandscapeStreamingProxy Name:LandscapeStreamingProxy_D7T4VF4LBP34PHV9XOEVM5TIG_1_7_1_0 Label:LandscapeStreamingProxy_7_1_0 SpatiallyLoaded:1 Bounds:Invalid RuntimeGrid:None EditorOnly:0 RuntimeOnly:0 HLODRelevant:0 ListedInSceneOutliner:1 IsMainWorldOnly:0
 |   |   |- Guid:B6C3DAF747D776D42CBB8BADECF57A47 BaseClass: NativeClass:/Script/Landscape.LandscapeStreamingProxy Name:LandscapeStreamingProxy_D7T4VF4LBP34PHV9XOEVM5TIG_1_5_1_0 Label:LandscapeStreamingProxy_5_1_0 SpatiallyLoaded:1 Bounds:Invalid RuntimeGrid:None EditorOnly:0 RuntimeOnly:0 HLODRelevant:0 ListedInSceneOutliner:1 IsMainWorldOnly:0
 |   |   |- Guid:B865D61B473CDD196F56BDA8F1637BEE BaseClass: NativeClass:/Script/Landscape.LandscapeStreamingProxy Name:LandscapeStreamingProxy_D7T4VF4LBP34PHV9XOEVM5TIG_1_5_6_0 Label:LandscapeStreamingProxy_5_6_0 SpatiallyLoaded:1 Bounds:Invalid RuntimeGrid:None EditorOnly:0 RuntimeOnly:0 HLODRelevant:0 ListedInSceneOutliner:1 IsMainWorldOnly:0
 |   |   |- Guid:B9E92F9C437526A88CEB59B2694F0297 BaseClass: NativeClass:/Script/Landscape.LandscapeStreamingProxy Name:LandscapeStreamingProxy_D7T4VF4LBP34PHV9XOEVM5TIG_1_2_6_0 Label:LandscapeStreamingProxy_2_6_0 SpatiallyLoaded:1 Bounds:Invalid RuntimeGrid:None EditorOnly:0 RuntimeOnly:0 HLODRelevant:0 ListedInSceneOutliner:1 IsMainWorldOnly:0
 |   |   |- Guid:C05781A44D7C770E1C0960A3CA1C133F BaseClass: NativeClass:/Script/Landscape.LandscapeStreamingProxy Name:LandscapeStreamingProxy_D7T4VF4LBP34PHV9XOEVM5TIG_1_4_5_0 Label:LandscapeStreamingProxy_4_5_0 SpatiallyLoaded:1 Bounds:Invalid RuntimeGrid:None EditorOnly:0 RuntimeOnly:0 HLODRelevant:0 ListedInSceneOutliner:1 IsMainWorldOnly:0
 |   |   |- Guid:C08A14624000EB194F9392A655EE0F44 BaseClass: NativeClass:/Script/Landscape.LandscapeStreamingProxy Name:LandscapeStreamingProxy_D7T4VF4LBP34PHV9XOEVM5TIG_1_0_0_0 Label:LandscapeStreamingProxy_0_0_0 SpatiallyLoaded:1 Bounds:Invalid RuntimeGrid:None EditorOnly:0 RuntimeOnly:0 HLODRelevant:0 ListedInSceneOutliner:1 IsMainWorldOnly:0
 |   |   |- Guid:C56C132644701862CBD638A5DD4778F1 BaseClass: NativeClass:/Script/Landscape.LandscapeStreamingProxy Name:LandscapeStreamingProxy_D7T4VF4LBP34PHV9XOEVM5TIG_1_3_1_0 Label:LandscapeStreamingProxy_3_1_0 SpatiallyLoaded:1 Bounds:Invalid RuntimeGrid:None EditorOnly:0 RuntimeOnly:0 HLODRelevant:0 ListedInSceneOutliner:1 IsMainWorldOnly:0
 |   |   |- Guid:C5BE7A844D821610BF68FA846185D941 BaseClass: NativeClass:/Script/Landscape.LandscapeStreamingProxy Name:LandscapeStreamingProxy_D7T4VF4LBP34PHV9XOEVM5TIG_1_4_6_0 Label:LandscapeStreamingProxy_4_6_0 SpatiallyLoaded:1 Bounds:Invalid RuntimeGrid:None EditorOnly:0 RuntimeOnly:0 HLODRelevant:0 ListedInSceneOutliner:1 IsMainWorldOnly:0
 |   |   |- Guid:D3FB7383421AAEFD3DB6F8B1E415A9FE BaseClass: NativeClass:/Script/Engine.ExponentialHeightFog Name:ExponentialHeightFog_UAID_A85E45CFE40401D200_1470382763 Label:ExponentialHeightFog SpatiallyLoaded:0 Bounds:Invalid RuntimeGrid:None EditorOnly:0 RuntimeOnly:0 HLODRelevant:0 ListedInSceneOutliner:1 IsMainWorldOnly:0 FolderPath:Lighting FolderGuid:B7E9BD5B45A652654791988DEF54CCEB
 |   |   |- Guid:D7EBD1B64A395FA249930BA618DBFE6D BaseClass: NativeClass:/Script/Landscape.LandscapeStreamingProxy Name:LandscapeStreamingProxy_D7T4VF4LBP34PHV9XOEVM5TIG_1_0_5_0 Label:LandscapeStreamingProxy_0_5_0 SpatiallyLoaded:1 Bounds:Invalid RuntimeGrid:None EditorOnly:0 RuntimeOnly:0 HLODRelevant:0 ListedInSceneOutliner:1 IsMainWorldOnly:0
 |   |   |- Guid:DC43A67244732C412AFFA1B3074A05AE BaseClass: NativeClass:/Script/Landscape.LandscapeStreamingProxy Name:LandscapeStreamingProxy_D7T4VF4LBP34PHV9XOEVM5TIG_1_7_4_0 Label:LandscapeStreamingProxy_7_4_0 SpatiallyLoaded:1 Bounds:Invalid RuntimeGrid:None EditorOnly:0 RuntimeOnly:0 HLODRelevant:0 ListedInSceneOutliner:1 IsMainWorldOnly:0
 |   |   |- Guid:E2C9FC9C4AE0869C9ABEB8B3C02E7737 BaseClass:/Game/Dynamic/BluePrints/Enemy.Enemy_C NativeClass:/Script/Engine.Actor Name:Enemy_C_UAID_A8A1596B87CB0A5602_1704296071 Label:Enemy SpatiallyLoaded:1 Bounds:Invalid RuntimeGrid:None EditorOnly:0 RuntimeOnly:0 HLODRelevant:0 ListedInSceneOutliner:1 IsMainWorldOnly:0
 |   |   |- Guid:E6C4C89747E65FCDCCFD648F081F47C2 BaseClass: NativeClass:/Script/Landscape.LandscapeStreamingProxy Name:LandscapeStreamingProxy_D7T4VF4LBP34PHV9XOEVM5TIG_1_3_3_0 Label:LandscapeStreamingProxy_3_3_0 SpatiallyLoaded:1 Bounds:Invalid RuntimeGrid:None EditorOnly:0 RuntimeOnly:0 HLODRelevant:0 ListedInSceneOutliner:1 IsMainWorldOnly:0
 |   |   |- Guid:F698883443058A9F883FB7852DDEE8F1 BaseClass: NativeClass:/Script/Landscape.LandscapeStreamingProxy Name:LandscapeStreamingProxy_D7T4VF4LBP34PHV9XOEVM5TIG_1_6_6_0 Label:LandscapeStreamingProxy_6_6_0 SpatiallyLoaded:1 Bounds:Invalid RuntimeGrid:None EditorOnly:0 RuntimeOnly:0 HLODRelevant:0 ListedInSceneOutliner:1 IsMainWorldOnly:0
 |   |   |- Guid:F947F18B49858105B55E08A21E067F09 BaseClass: NativeClass:/Script/Landscape.LandscapeStreamingProxy Name:LandscapeStreamingProxy_D7T4VF4LBP34PHV9XOEVM5TIG_1_5_5_0 Label:LandscapeStreamingProxy_5_5_0 SpatiallyLoaded:1 Bounds:Invalid RuntimeGrid:None EditorOnly:0 RuntimeOnly:0 HLODRelevant:0 ListedInSceneOutliner:1 IsMainWorldOnly:0
 |   |   |- Guid:FC95DF384AD9CF7A5647699C01E254A2 BaseClass: NativeClass:/Script/Landscape.LandscapeStreamingProxy Name:LandscapeStreamingProxy_D7T4VF4LBP34PHV9XOEVM5TIG_1_1_3_0 Label:LandscapeStreamingProxy_1_3_0 SpatiallyLoaded:1 Bounds:Invalid RuntimeGrid:None EditorOnly:0 RuntimeOnly:0 HLODRelevant:0 ListedInSceneOutliner:1 IsMainWorldOnly:0
 |   |   |- Guid:FE635E06438230491F5EA2AE5A1DB0AC BaseClass: NativeClass:/Script/Landscape.LandscapeStreamingProxy Name:LandscapeStreamingProxy_D7T4VF4LBP34PHV9XOEVM5TIG_1_3_0_0 Label:LandscapeStreamingProxy_3_0_0 SpatiallyLoaded:1 Bounds:Invalid RuntimeGrid:None EditorOnly:0 RuntimeOnly:0 HLODRelevant:0 ListedInSceneOutliner:1 IsMainWorldOnly:0
 |   |- [+] Clusters:
 |   |   |- [+] [  0]
 |   |   |   |- Guid:03920DF94EEFC9F86CC66185D32A3DA1 BaseClass: NativeClass:/Script/Engine.StaticMeshActor Name:StaticMeshActor_UAID_A4AE111137DC54FB00_1240666663 Label:SM_SkySphere SpatiallyLoaded:0 Bounds:Invalid RuntimeGrid:None EditorOnly:0 RuntimeOnly:0 HLODRelevant:0 ListedInSceneOutliner:1 IsMainWorldOnly:1 FolderPath:Lighting FolderGuid:B7E9BD5B45A652654791988DEF54CCEB
 |   |   |- [+] [  1]
 |   |   |   |- Guid:0550E94B443D34A7B2695084EF73CA8E BaseClass: NativeClass:/Script/Landscape.LandscapeStreamingProxy Name:LandscapeStreamingProxy_D7T4VF4LBP34PHV9XOEVM5TIG_1_7_5_0 Label:LandscapeStreamingProxy_7_5_0 SpatiallyLoaded:1 Bounds:Invalid RuntimeGrid:None EditorOnly:0 RuntimeOnly:0 HLODRelevant:0 ListedInSceneOutliner:1 IsMainWorldOnly:0
 |   |   |- [+] [  2]
 |   |   |   |- Guid:0D7DFFA243DD16C5B1F9FBB6ECBB6CA1 BaseClass: NativeClass:/Script/Landscape.LandscapeStreamingProxy Name:LandscapeStreamingProxy_D7T4VF4LBP34PHV9XOEVM5TIG_1_7_7_0 Label:LandscapeStreamingProxy_7_7_0 SpatiallyLoaded:1 Bounds:Invalid RuntimeGrid:None EditorOnly:0 RuntimeOnly:0 HLODRelevant:0 ListedInSceneOutliner:1 IsMainWorldOnly:0
 |   |   |- [+] [  3]
 |   |   |   |- Guid:0DDC8FEF4BE2623E6DE4258EC6ECD3DC BaseClass: NativeClass:/Script/Landscape.LandscapeStreamingProxy Name:LandscapeStreamingProxy_D7T4VF4LBP34PHV9XOEVM5TIG_1_4_7_0 Label:LandscapeStreamingProxy_4_7_0 SpatiallyLoaded:1 Bounds:Invalid RuntimeGrid:None EditorOnly:0 RuntimeOnly:0 HLODRelevant:0 ListedInSceneOutliner:1 IsMainWorldOnly:0
 |   |   |- [+] [  4]
 |   |   |   |- Guid:0F50219442076B159B714299B6BD4A95 BaseClass: NativeClass:/Script/Landscape.LandscapeStreamingProxy Name:LandscapeStreamingProxy_D7T4VF4LBP34PHV9XOEVM5TIG_1_2_0_0 Label:LandscapeStreamingProxy_2_0_0 SpatiallyLoaded:1 Bounds:Invalid RuntimeGrid:None EditorOnly:0 RuntimeOnly:0 HLODRelevant:0 ListedInSceneOutliner:1 IsMainWorldOnly:0
 |   |   |- [+] [  5]
 |   |   |   |- Guid:1132963840A0BF90C8F6FB9C03D28EDC BaseClass: NativeClass:/Script/Landscape.LandscapeStreamingProxy Name:LandscapeStreamingProxy_D7T4VF4LBP34PHV9XOEVM5TIG_1_1_4_0 Label:LandscapeStreamingProxy_1_4_0 SpatiallyLoaded:1 Bounds:Invalid RuntimeGrid:None EditorOnly:0 RuntimeOnly:0 HLODRelevant:0 ListedInSceneOutliner:1 IsMainWorldOnly:0
 |   |   |- [+] [  6]
 |   |   |   |- Guid:146D3E3040BAFC1FB8BF4ABC272DA94F BaseClass: NativeClass:/Script/Landscape.LandscapeStreamingProxy Name:LandscapeStreamingProxy_D7T4VF4LBP34PHV9XOEVM5TIG_1_5_2_0 Label:LandscapeStreamingProxy_5_2_0 SpatiallyLoaded:1 Bounds:Invalid RuntimeGrid:None EditorOnly:0 RuntimeOnly:0 HLODRelevant:0 ListedInSceneOutliner:1 IsMainWorldOnly:0
 |   |   |- [+] [  7]
 |   |   |   |- Guid:1AF28111448240DDAB2EABBF2988B403 BaseClass: NativeClass:/Script/Landscape.LandscapeStreamingProxy Name:LandscapeStreamingProxy_D7T4VF4LBP34PHV9XOEVM5TIG_1_1_0_0 Label:LandscapeStreamingProxy_1_0_0 SpatiallyLoaded:1 Bounds:Invalid RuntimeGrid:None EditorOnly:0 RuntimeOnly:0 HLODRelevant:0 ListedInSceneOutliner:1 IsMainWorldOnly:0
 |   |   |- [+] [  8]
 |   |   |   |- Guid:1C18DE7D494342D016B686A01B18F71D BaseClass: NativeClass:/Script/Landscape.LandscapeStreamingProxy Name:LandscapeStreamingProxy_D7T4VF4LBP34PHV9XOEVM5TIG_1_2_3_0 Label:LandscapeStreamingProxy_2_3_0 SpatiallyLoaded:1 Bounds:Invalid RuntimeGrid:None EditorOnly:0 RuntimeOnly:0 HLODRelevant:0 ListedInSceneOutliner:1 IsMainWorldOnly:0
 |   |   |- [+] [  9]
 |   |   |   |- Guid:1D3D26F04B6DC10BEFB5B69E5CF914C8 BaseClass: NativeClass:/Script/Engine.VolumetricCloud Name:VolumetricCloud_UAID_A85E45CFE40401D200_1470381760 Label:VolumetricCloud SpatiallyLoaded:0 Bounds:Invalid RuntimeGrid:None EditorOnly:0 RuntimeOnly:0 HLODRelevant:0 ListedInSceneOutliner:1 IsMainWorldOnly:0 FolderPath:Lighting FolderGuid:B7E9BD5B45A652654791988DEF54CCEB
 |   |   |- [+] [ 10]
 |   |   |   |- Guid:1DE8D7AC4103A2EABA11649C7FCF8ACA BaseClass: NativeClass:/Script/Engine.SkyLight Name:SkyLight_UAID_A85E45CFE40401D200_1470380759 Label:SkyLight SpatiallyLoaded:0 Bounds:Invalid RuntimeGrid:None EditorOnly:0 RuntimeOnly:0 HLODRelevant:0 ListedInSceneOutliner:1 IsMainWorldOnly:0 FolderPath:Lighting FolderGuid:B7E9BD5B45A652654791988DEF54CCEB
 |   |   |- [+] [ 11]
 |   |   |   |- Guid:1E7A6AD4437B2258C36CB490664720EA BaseClass: NativeClass:/Script/Landscape.LandscapeStreamingProxy Name:LandscapeStreamingProxy_D7T4VF4LBP34PHV9XOEVM5TIG_1_5_3_0 Label:LandscapeStreamingProxy_5_3_0 SpatiallyLoaded:1 Bounds:Invalid RuntimeGrid:None EditorOnly:0 RuntimeOnly:0 HLODRelevant:0 ListedInSceneOutliner:1 IsMainWorldOnly:0
 |   |   |- [+] [ 12]
 |   |   |   |- Guid:218E3B124735712D7EF272B4FB8E7FF6 BaseClass: NativeClass:/Script/Landscape.Landscape Name:Landscape_UAID_A85E45CFE404FBD100_1221515703 Label:Landscape SpatiallyLoaded:0 Bounds:Invalid RuntimeGrid:None EditorOnly:0 RuntimeOnly:0 HLODRelevant:0 ListedInSceneOutliner:1 IsMainWorldOnly:0
 |   |   |- [+] [ 13]
 |   |   |   |- Guid:2347681E4EBE5CEECBE9DBBC1DBA11C1 BaseClass: NativeClass:/Script/Landscape.LandscapeStreamingProxy Name:LandscapeStreamingProxy_D7T4VF4LBP34PHV9XOEVM5TIG_1_1_6_0 Label:LandscapeStreamingProxy_1_6_0 SpatiallyLoaded:1 Bounds:Invalid RuntimeGrid:None EditorOnly:0 RuntimeOnly:0 HLODRelevant:0 ListedInSceneOutliner:1 IsMainWorldOnly:0
 |   |   |- [+] [ 14]
 |   |   |   |- Guid:2CE12F874AA39D020A0F4BA5739BD305 BaseClass: NativeClass:/Script/Engine.SkyAtmosphere Name:SkyAtmosphere_UAID_A85E45CFE40401D200_1470382762 Label:SkyAtmosphere SpatiallyLoaded:0 Bounds:Invalid RuntimeGrid:None EditorOnly:0 RuntimeOnly:0 HLODRelevant:0 ListedInSceneOutliner:1 IsMainWorldOnly:0 FolderPath:Lighting FolderGuid:B7E9BD5B45A652654791988DEF54CCEB
 |   |   |- [+] [ 15]
 |   |   |   |- Guid:2D25D44D481345FBF8570EB1B7BD1A3E BaseClass: NativeClass:/Script/Landscape.LandscapeStreamingProxy Name:LandscapeStreamingProxy_D7T4VF4LBP34PHV9XOEVM5TIG_1_0_6_0 Label:LandscapeStreamingProxy_0_6_0 SpatiallyLoaded:1 Bounds:Invalid RuntimeGrid:None EditorOnly:0 RuntimeOnly:0 HLODRelevant:0 ListedInSceneOutliner:1 IsMainWorldOnly:0
 |   |   |- [+] [ 16]
 |   |   |   |- Guid:2DB3FDE64E76043E654E15809FAF173E BaseClass: NativeClass:/Script/Landscape.LandscapeStreamingProxy Name:LandscapeStreamingProxy_D7T4VF4LBP34PHV9XOEVM5TIG_1_7_3_0 Label:LandscapeStreamingProxy_7_3_0 SpatiallyLoaded:1 Bounds:Invalid RuntimeGrid:None EditorOnly:0 RuntimeOnly:0 HLODRelevant:0 ListedInSceneOutliner:1 IsMainWorldOnly:0
 |   |   |- [+] [ 17]
 |   |   |   |- Guid:2ECDB0F14C38AB1F3D274DAFA9305640 BaseClass: NativeClass:/Script/Landscape.LandscapeStreamingProxy Name:LandscapeStreamingProxy_D7T4VF4LBP34PHV9XOEVM5TIG_1_0_3_0 Label:LandscapeStreamingProxy_0_3_0 SpatiallyLoaded:1 Bounds:Invalid RuntimeGrid:None EditorOnly:0 RuntimeOnly:0 HLODRelevant:0 ListedInSceneOutliner:1 IsMainWorldOnly:0
 |   |   |- [+] [ 18]
 |   |   |   |- Guid:31A5522843888425734F278F802A023B BaseClass: NativeClass:/Script/Landscape.LandscapeStreamingProxy Name:LandscapeStreamingProxy_D7T4VF4LBP34PHV9XOEVM5TIG_1_3_2_0 Label:LandscapeStreamingProxy_3_2_0 SpatiallyLoaded:1 Bounds:Invalid RuntimeGrid:None EditorOnly:0 RuntimeOnly:0 HLODRelevant:0 ListedInSceneOutliner:1 IsMainWorldOnly:0
 |   |   |- [+] [ 19]
 |   |   |   |- Guid:32DDDAF945E661594B761F842823F664 BaseClass: NativeClass:/Script/Landscape.LandscapeStreamingProxy Name:LandscapeStreamingProxy_D7T4VF4LBP34PHV9XOEVM5TIG_1_7_0_0 Label:LandscapeStreamingProxy_7_0_0 SpatiallyLoaded:1 Bounds:Invalid RuntimeGrid:None EditorOnly:0 RuntimeOnly:0 HLODRelevant:0 ListedInSceneOutliner:1 IsMainWorldOnly:0
 |   |   |- [+] [ 20]
 |   |   |   |- Guid:39F0C4EA4AC6F620731F8A985F1BA794 BaseClass: NativeClass:/Script/Landscape.LandscapeStreamingProxy Name:LandscapeStreamingProxy_D7T4VF4LBP34PHV9XOEVM5TIG_1_0_4_0 Label:LandscapeStreamingProxy_0_4_0 SpatiallyLoaded:1 Bounds:Invalid RuntimeGrid:None EditorOnly:0 RuntimeOnly:0 HLODRelevant:0 ListedInSceneOutliner:1 IsMainWorldOnly:0
 |   |   |- [+] [ 21]
 |   |   |   |- Guid:3E25F0A8458FB2B2C4FDCCBEFBB79D7C BaseClass: NativeClass:/Script/Landscape.LandscapeStreamingProxy Name:LandscapeStreamingProxy_D7T4VF4LBP34PHV9XOEVM5TIG_1_7_6_0 Label:LandscapeStreamingProxy_7_6_0 SpatiallyLoaded:1 Bounds:Invalid RuntimeGrid:None EditorOnly:0 RuntimeOnly:0 HLODRelevant:0 ListedInSceneOutliner:1 IsMainWorldOnly:0
 |   |   |- [+] [ 22]
 |   |   |   |- Guid:3F36F6E343853B5EFB38DF82C9F47BC1 BaseClass: NativeClass:/Script/Landscape.LandscapeStreamingProxy Name:LandscapeStreamingProxy_D7T4VF4LBP34PHV9XOEVM5TIG_1_3_6_0 Label:LandscapeStreamingProxy_3_6_0 SpatiallyLoaded:1 Bounds:Invalid RuntimeGrid:None EditorOnly:0 RuntimeOnly:0 HLODRelevant:0 ListedInSceneOutliner:1 IsMainWorldOnly:0
 |   |   |- [+] [ 23]
 |   |   |   |- Guid:46A29806469824C0618DAD88DBCE1F7B BaseClass: NativeClass:/Script/Landscape.LandscapeStreamingProxy Name:LandscapeStreamingProxy_D7T4VF4LBP34PHV9XOEVM5TIG_1_2_2_0 Label:LandscapeStreamingProxy_2_2_0 SpatiallyLoaded:1 Bounds:Invalid RuntimeGrid:None EditorOnly:0 RuntimeOnly:0 HLODRelevant:0 ListedInSceneOutliner:1 IsMainWorldOnly:0
 |   |   |- [+] [ 24]
 |   |   |   |- Guid:4D9AE693421FB4AF0B84F3ABB4069600 BaseClass: NativeClass:/Script/Landscape.LandscapeStreamingProxy Name:LandscapeStreamingProxy_D7T4VF4LBP34PHV9XOEVM5TIG_1_4_0_0 Label:LandscapeStreamingProxy_4_0_0 SpatiallyLoaded:1 Bounds:Invalid RuntimeGrid:None EditorOnly:0 RuntimeOnly:0 HLODRelevant:0 ListedInSceneOutliner:1 IsMainWorldOnly:0
 |   |   |- [+] [ 25]
 |   |   |   |- Guid:5368FABB47D6D9580DAECA8B0417BF92 BaseClass: NativeClass:/Script/Engine.WorldDataLayers Name:WorldDataLayers Label:WorldDataLayers-1 SpatiallyLoaded:0 Bounds:Invalid RuntimeGrid:None EditorOnly:0 RuntimeOnly:0 HLODRelevant:0 ListedInSceneOutliner:1 IsMainWorldOnly:1
 |   |   |- [+] [ 26]
 |   |   |   |- Guid:5467074D485A504DB8C24CAD0B80AB77 BaseClass: NativeClass:/Script/Landscape.LandscapeStreamingProxy Name:LandscapeStreamingProxy_D7T4VF4LBP34PHV9XOEVM5TIG_1_1_2_0 Label:LandscapeStreamingProxy_1_2_0 SpatiallyLoaded:1 Bounds:Invalid RuntimeGrid:None EditorOnly:0 RuntimeOnly:0 HLODRelevant:0 ListedInSceneOutliner:1 IsMainWorldOnly:0
 |   |   |- [+] [ 27]
 |   |   |   |- Guid:565205A14B72B1C79932C09B8AA708FB BaseClass: NativeClass:/Script/Landscape.LandscapeStreamingProxy Name:LandscapeStreamingProxy_D7T4VF4LBP34PHV9XOEVM5TIG_1_2_7_0 Label:LandscapeStreamingProxy_2_7_0 SpatiallyLoaded:1 Bounds:Invalid RuntimeGrid:None EditorOnly:0 RuntimeOnly:0 HLODRelevant:0 ListedInSceneOutliner:1 IsMainWorldOnly:0
 |   |   |- [+] [ 28]
 |   |   |   |- Guid:58E9C3B64D12DE671F037881A2E880D7 BaseClass: NativeClass:/Script/Landscape.LandscapeStreamingProxy Name:LandscapeStreamingProxy_D7T4VF4LBP34PHV9XOEVM5TIG_1_2_1_0 Label:LandscapeStreamingProxy_2_1_0 SpatiallyLoaded:1 Bounds:Invalid RuntimeGrid:None EditorOnly:0 RuntimeOnly:0 HLODRelevant:0 ListedInSceneOutliner:1 IsMainWorldOnly:0
 |   |   |- [+] [ 29]
 |   |   |   |- Guid:59C0CF754809E4A615B6B893483C5902 BaseClass: NativeClass:/Script/Landscape.LandscapeStreamingProxy Name:LandscapeStreamingProxy_D7T4VF4LBP34PHV9XOEVM5TIG_1_0_1_0 Label:LandscapeStreamingProxy_0_1_0 SpatiallyLoaded:1 Bounds:Invalid RuntimeGrid:None EditorOnly:0 RuntimeOnly:0 HLODRelevant:0 ListedInSceneOutliner:1 IsMainWorldOnly:0
 |   |   |- [+] [ 30]
 |   |   |   |- Guid:5C483AD7457FCF8C55871D883FCE7EAF BaseClass: NativeClass:/Script/Landscape.LandscapeStreamingProxy Name:LandscapeStreamingProxy_D7T4VF4LBP34PHV9XOEVM5TIG_1_6_1_0 Label:LandscapeStreamingProxy_6_1_0 SpatiallyLoaded:1 Bounds:Invalid RuntimeGrid:None EditorOnly:0 RuntimeOnly:0 HLODRelevant:0 ListedInSceneOutliner:1 IsMainWorldOnly:0
 |   |   |- [+] [ 31]
 |   |   |   |- Guid:64972DB740F13CE5190779A0B9CBA4EA BaseClass: NativeClass:/Script/Landscape.LandscapeStreamingProxy Name:LandscapeStreamingProxy_D7T4VF4LBP34PHV9XOEVM5TIG_1_1_5_0 Label:LandscapeStreamingProxy_1_5_0 SpatiallyLoaded:1 Bounds:Invalid RuntimeGrid:None EditorOnly:0 RuntimeOnly:0 HLODRelevant:0 ListedInSceneOutliner:1 IsMainWorldOnly:0
 |   |   |- [+] [ 32]
 |   |   |   |- Guid:6F77DF4E483D4B5A103A83BF8FB30F3A BaseClass: NativeClass:/Script/Landscape.LandscapeStreamingProxy Name:LandscapeStreamingProxy_D7T4VF4LBP34PHV9XOEVM5TIG_1_6_7_0 Label:LandscapeStreamingProxy_6_7_0 SpatiallyLoaded:1 Bounds:Invalid RuntimeGrid:None EditorOnly:0 RuntimeOnly:0 HLODRelevant:0 ListedInSceneOutliner:1 IsMainWorldOnly:0
 |   |   |- [+] [ 33]
 |   |   |   |- Guid:707D0D104A1A6DBFBBD050AD016E1BA7 BaseClass: NativeClass:/Script/Landscape.LandscapeStreamingProxy Name:LandscapeStreamingProxy_D7T4VF4LBP34PHV9XOEVM5TIG_1_4_4_0 Label:LandscapeStreamingProxy_4_4_0 SpatiallyLoaded:1 Bounds:Invalid RuntimeGrid:None EditorOnly:0 RuntimeOnly:0 HLODRelevant:0 ListedInSceneOutliner:1 IsMainWorldOnly:0
 |   |   |- [+] [ 34]
 |   |   |   |- Guid:7DCB8EFE498FFD99EE494192AD474A2A BaseClass: NativeClass:/Script/Landscape.LandscapeStreamingProxy Name:LandscapeStreamingProxy_D7T4VF4LBP34PHV9XOEVM5TIG_1_2_4_0 Label:LandscapeStreamingProxy_2_4_0 SpatiallyLoaded:1 Bounds:Invalid RuntimeGrid:None EditorOnly:0 RuntimeOnly:0 HLODRelevant:0 ListedInSceneOutliner:1 IsMainWorldOnly:0
 |   |   |- [+] [ 35]
 |   |   |   |- Guid:7E8DF15942F955BCCAB7DB92DF810682 BaseClass: NativeClass:/Script/Landscape.LandscapeStreamingProxy Name:LandscapeStreamingProxy_D7T4VF4LBP34PHV9XOEVM5TIG_1_6_5_0 Label:LandscapeStreamingProxy_6_5_0 SpatiallyLoaded:1 Bounds:Invalid RuntimeGrid:None EditorOnly:0 RuntimeOnly:0 HLODRelevant:0 ListedInSceneOutliner:1 IsMainWorldOnly:0
 |   |   |- [+] [ 36]
 |   |   |   |- Guid:82111EBA4245874D247823848B4F1385 BaseClass: NativeClass:/Script/Landscape.LandscapeStreamingProxy Name:LandscapeStreamingProxy_D7T4VF4LBP34PHV9XOEVM5TIG_1_4_3_0 Label:LandscapeStreamingProxy_4_3_0 SpatiallyLoaded:1 Bounds:Invalid RuntimeGrid:None EditorOnly:0 RuntimeOnly:0 HLODRelevant:0 ListedInSceneOutliner:1 IsMainWorldOnly:0
 |   |   |- [+] [ 37]
 |   |   |   |- Guid:83CD9E0B4741741D139767A8EC49B809 BaseClass: NativeClass:/Script/Landscape.LandscapeStreamingProxy Name:LandscapeStreamingProxy_D7T4VF4LBP34PHV9XOEVM5TIG_1_0_2_0 Label:LandscapeStreamingProxy_0_2_0 SpatiallyLoaded:1 Bounds:Invalid RuntimeGrid:None EditorOnly:0 RuntimeOnly:0 HLODRelevant:0 ListedInSceneOutliner:1 IsMainWorldOnly:0
 |   |   |- [+] [ 38]
 |   |   |   |- Guid:86CD868B4D294F95E7F12283BB07ED1F BaseClass: NativeClass:/Script/Landscape.LandscapeStreamingProxy Name:LandscapeStreamingProxy_D7T4VF4LBP34PHV9XOEVM5TIG_1_6_0_0 Label:LandscapeStreamingProxy_6_0_0 SpatiallyLoaded:1 Bounds:Invalid RuntimeGrid:None EditorOnly:0 RuntimeOnly:0 HLODRelevant:0 ListedInSceneOutliner:1 IsMainWorldOnly:0
 |   |   |- [+] [ 39]
 |   |   |   |- Guid:87184C7F45B16AFDB24868B24172272E BaseClass: NativeClass:/Script/Landscape.LandscapeStreamingProxy Name:LandscapeStreamingProxy_D7T4VF4LBP34PHV9XOEVM5TIG_1_6_2_0 Label:LandscapeStreamingProxy_6_2_0 SpatiallyLoaded:1 Bounds:Invalid RuntimeGrid:None EditorOnly:0 RuntimeOnly:0 HLODRelevant:0 ListedInSceneOutliner:1 IsMainWorldOnly:0
 |   |   |- [+] [ 40]
 |   |   |   |- Guid:8791D2724B21E0ACF8333DA12ED7411D BaseClass: NativeClass:/Script/Engine.StaticMeshActor Name:StaticMeshActor_UAID_04ECD857BB0A295402_1308623416 Label:Cube SpatiallyLoaded:1 Bounds:Invalid RuntimeGrid:None EditorOnly:0 RuntimeOnly:0 HLODRelevant:0 ListedInSceneOutliner:1 IsMainWorldOnly:0
 |   |   |- [+] [ 41]
 |   |   |   |- Guid:8DE603264C3E497D33EABCA47DEF582C BaseClass: NativeClass:/Script/Landscape.LandscapeStreamingProxy Name:LandscapeStreamingProxy_D7T4VF4LBP34PHV9XOEVM5TIG_1_1_1_0 Label:LandscapeStreamingProxy_1_1_0 SpatiallyLoaded:1 Bounds:Invalid RuntimeGrid:None EditorOnly:0 RuntimeOnly:0 HLODRelevant:0 ListedInSceneOutliner:1 IsMainWorldOnly:0
 |   |   |- [+] [ 42]
 |   |   |   |- Guid:8E5BA17B4086F5FC0291D1A92F7F73F4 BaseClass: NativeClass:/Script/Landscape.LandscapeStreamingProxy Name:LandscapeStreamingProxy_D7T4VF4LBP34PHV9XOEVM5TIG_1_5_7_0 Label:LandscapeStreamingProxy_5_7_0 SpatiallyLoaded:1 Bounds:Invalid RuntimeGrid:None EditorOnly:0 RuntimeOnly:0 HLODRelevant:0 ListedInSceneOutliner:1 IsMainWorldOnly:0
 |   |   |- [+] [ 43]
 |   |   |   |- Guid:8F0C78FE4D46BC07F60A91A87475E7E8 BaseClass: NativeClass:/Script/Landscape.LandscapeStreamingProxy Name:LandscapeStreamingProxy_D7T4VF4LBP34PHV9XOEVM5TIG_1_4_1_0 Label:LandscapeStreamingProxy_4_1_0 SpatiallyLoaded:1 Bounds:Invalid RuntimeGrid:None EditorOnly:0 RuntimeOnly:0 HLODRelevant:0 ListedInSceneOutliner:1 IsMainWorldOnly:0
 |   |   |- [+] [ 44]
 |   |   |   |- Guid:939A2F334C34B3E545C41391CBDF2D38 BaseClass: NativeClass:/Script/Landscape.LandscapeStreamingProxy Name:LandscapeStreamingProxy_D7T4VF4LBP34PHV9XOEVM5TIG_1_5_0_0 Label:LandscapeStreamingProxy_5_0_0 SpatiallyLoaded:1 Bounds:Invalid RuntimeGrid:None EditorOnly:0 RuntimeOnly:0 HLODRelevant:0 ListedInSceneOutliner:1 IsMainWorldOnly:0
 |   |   |- [+] [ 45]
 |   |   |   |- Guid:962D6BE34E7839A2A94E65B8F6CE5D43 BaseClass: NativeClass:/Script/Engine.PlayerStart Name:PlayerStart_UAID_F02F74551BF5599B01_1153002503 Label:PlayerStart SpatiallyLoaded:0 Bounds:Invalid RuntimeGrid:None EditorOnly:0 RuntimeOnly:0 HLODRelevant:0 ListedInSceneOutliner:1 IsMainWorldOnly:0
 |   |   |- [+] [ 46]
 |   |   |   |- Guid:986A09ED4961A78E34EE1981B2281B28 BaseClass: NativeClass:/Script/Landscape.LandscapeStreamingProxy Name:LandscapeStreamingProxy_D7T4VF4LBP34PHV9XOEVM5TIG_1_6_4_0 Label:LandscapeStreamingProxy_6_4_0 SpatiallyLoaded:1 Bounds:Invalid RuntimeGrid:None EditorOnly:0 RuntimeOnly:0 HLODRelevant:0 ListedInSceneOutliner:1 IsMainWorldOnly:0
 |   |   |- [+] [ 47]
 |   |   |   |- Guid:988456E1464ED6902163CB8467235B9D BaseClass: NativeClass:/Script/Landscape.LandscapeStreamingProxy Name:LandscapeStreamingProxy_D7T4VF4LBP34PHV9XOEVM5TIG_1_0_7_0 Label:LandscapeStreamingProxy_0_7_0 SpatiallyLoaded:1 Bounds:Invalid RuntimeGrid:None EditorOnly:0 RuntimeOnly:0 HLODRelevant:0 ListedInSceneOutliner:1 IsMainWorldOnly:0
 |   |   |- [+] [ 48]
 |   |   |   |- Guid:9AA48BD04CB873661E75B0973B2BF04A BaseClass: NativeClass:/Script/Landscape.LandscapeStreamingProxy Name:LandscapeStreamingProxy_D7T4VF4LBP34PHV9XOEVM5TIG_1_3_5_0 Label:LandscapeStreamingProxy_3_5_0 SpatiallyLoaded:1 Bounds:Invalid RuntimeGrid:None EditorOnly:0 RuntimeOnly:0 HLODRelevant:0 ListedInSceneOutliner:1 IsMainWorldOnly:0
 |   |   |- [+] [ 49]
 |   |   |   |- Guid:9C73710A434FD4583E950EACD9707470 BaseClass: NativeClass:/Script/Landscape.LandscapeStreamingProxy Name:LandscapeStreamingProxy_D7T4VF4LBP34PHV9XOEVM5TIG_1_7_2_0 Label:LandscapeStreamingProxy_7_2_0 SpatiallyLoaded:1 Bounds:Invalid RuntimeGrid:None EditorOnly:0 RuntimeOnly:0 HLODRelevant:0 ListedInSceneOutliner:1 IsMainWorldOnly:0
 |   |   |- [+] [ 50]
 |   |   |   |- Guid:9CBBDFD8486812AAE8770CB093DB7460 BaseClass: NativeClass:/Script/Landscape.LandscapeStreamingProxy Name:LandscapeStreamingProxy_D7T4VF4LBP34PHV9XOEVM5TIG_1_3_4_0 Label:LandscapeStreamingProxy_3_4_0 SpatiallyLoaded:1 Bounds:Invalid RuntimeGrid:None EditorOnly:0 RuntimeOnly:0 HLODRelevant:0 ListedInSceneOutliner:1 IsMainWorldOnly:0
 |   |   |- [+] [ 51]
 |   |   |   |- Guid:9F1FD8B14EFA2FFE8955F0893F732321 BaseClass: NativeClass:/Script/Landscape.LandscapeStreamingProxy Name:LandscapeStreamingProxy_D7T4VF4LBP34PHV9XOEVM5TIG_1_4_2_0 Label:LandscapeStreamingProxy_4_2_0 SpatiallyLoaded:1 Bounds:Invalid RuntimeGrid:None EditorOnly:0 RuntimeOnly:0 HLODRelevant:0 ListedInSceneOutliner:1 IsMainWorldOnly:0
 |   |   |- [+] [ 52]
 |   |   |   |- Guid:A35DA04D499AEDD6011C6B8293B4BE2B BaseClass: NativeClass:/Script/Landscape.LandscapeStreamingProxy Name:LandscapeStreamingProxy_D7T4VF4LBP34PHV9XOEVM5TIG_1_1_7_0 Label:LandscapeStreamingProxy_1_7_0 SpatiallyLoaded:1 Bounds:Invalid RuntimeGrid:None EditorOnly:0 RuntimeOnly:0 HLODRelevant:0 ListedInSceneOutliner:1 IsMainWorldOnly:0
 |   |   |- [+] [ 53]
 |   |   |   |- Guid:A6E4B2F64282645AA7756082104E8B9D BaseClass: NativeClass:/Script/Landscape.LandscapeStreamingProxy Name:LandscapeStreamingProxy_D7T4VF4LBP34PHV9XOEVM5TIG_1_3_7_0 Label:LandscapeStreamingProxy_3_7_0 SpatiallyLoaded:1 Bounds:Invalid RuntimeGrid:None EditorOnly:0 RuntimeOnly:0 HLODRelevant:0 ListedInSceneOutliner:1 IsMainWorldOnly:0
 |   |   |- [+] [ 54]
 |   |   |   |- Guid:A882235E449D71AC064105B4EA3F9518 BaseClass: NativeClass:/Script/Landscape.LandscapeStreamingProxy Name:LandscapeStreamingProxy_D7T4VF4LBP34PHV9XOEVM5TIG_1_2_5_0 Label:LandscapeStreamingProxy_2_5_0 SpatiallyLoaded:1 Bounds:Invalid RuntimeGrid:None EditorOnly:0 RuntimeOnly:0 HLODRelevant:0 ListedInSceneOutliner:1 IsMainWorldOnly:0
 |   |   |- [+] [ 55]
 |   |   |   |- Guid:AAAC6B5742760A58C2206DB37E44683C BaseClass: NativeClass:/Script/Engine.DirectionalLight Name:DirectionalLight_UAID_A85E45CFE40401D200_1470382761 Label:DirectionalLight SpatiallyLoaded:0 Bounds:Invalid RuntimeGrid:None EditorOnly:0 RuntimeOnly:0 HLODRelevant:0 ListedInSceneOutliner:1 IsMainWorldOnly:1 FolderPath:Lighting FolderGuid:B7E9BD5B45A652654791988DEF54CCEB
 |   |   |- [+] [ 56]
 |   |   |   |- Guid:AE565297405B1809622B45ADC2750875 BaseClass: NativeClass:/Script/Landscape.LandscapeStreamingProxy Name:LandscapeStreamingProxy_D7T4VF4LBP34PHV9XOEVM5TIG_1_5_4_0 Label:LandscapeStreamingProxy_5_4_0 SpatiallyLoaded:1 Bounds:Invalid RuntimeGrid:None EditorOnly:0 RuntimeOnly:0 HLODRelevant:0 ListedInSceneOutliner:1 IsMainWorldOnly:0
 |   |   |- [+] [ 57]
 |   |   |   |- Guid:B0E3D56F46177253EEFE85A57AC65398 BaseClass: NativeClass:/Script/Landscape.LandscapeStreamingProxy Name:LandscapeStreamingProxy_D7T4VF4LBP34PHV9XOEVM5TIG_1_6_3_0 Label:LandscapeStreamingProxy_6_3_0 SpatiallyLoaded:1 Bounds:Invalid RuntimeGrid:None EditorOnly:0 RuntimeOnly:0 HLODRelevant:0 ListedInSceneOutliner:1 IsMainWorldOnly:0
 |   |   |- [+] [ 58]
 |   |   |   |- Guid:B604844948BFF24FCAEFC18CD69A7FF7 BaseClass: NativeClass:/Script/Landscape.LandscapeStreamingProxy Name:LandscapeStreamingProxy_D7T4VF4LBP34PHV9XOEVM5TIG_1_7_1_0 Label:LandscapeStreamingProxy_7_1_0 SpatiallyLoaded:1 Bounds:Invalid RuntimeGrid:None EditorOnly:0 RuntimeOnly:0 HLODRelevant:0 ListedInSceneOutliner:1 IsMainWorldOnly:0
 |   |   |- [+] [ 59]
 |   |   |   |- Guid:B6C3DAF747D776D42CBB8BADECF57A47 BaseClass: NativeClass:/Script/Landscape.LandscapeStreamingProxy Name:LandscapeStreamingProxy_D7T4VF4LBP34PHV9XOEVM5TIG_1_5_1_0 Label:LandscapeStreamingProxy_5_1_0 SpatiallyLoaded:1 Bounds:Invalid RuntimeGrid:None EditorOnly:0 RuntimeOnly:0 HLODRelevant:0 ListedInSceneOutliner:1 IsMainWorldOnly:0
 |   |   |- [+] [ 60]
 |   |   |   |- Guid:B865D61B473CDD196F56BDA8F1637BEE BaseClass: NativeClass:/Script/Landscape.LandscapeStreamingProxy Name:LandscapeStreamingProxy_D7T4VF4LBP34PHV9XOEVM5TIG_1_5_6_0 Label:LandscapeStreamingProxy_5_6_0 SpatiallyLoaded:1 Bounds:Invalid RuntimeGrid:None EditorOnly:0 RuntimeOnly:0 HLODRelevant:0 ListedInSceneOutliner:1 IsMainWorldOnly:0
 |   |   |- [+] [ 61]
 |   |   |   |- Guid:B9E92F9C437526A88CEB59B2694F0297 BaseClass: NativeClass:/Script/Landscape.LandscapeStreamingProxy Name:LandscapeStreamingProxy_D7T4VF4LBP34PHV9XOEVM5TIG_1_2_6_0 Label:LandscapeStreamingProxy_2_6_0 SpatiallyLoaded:1 Bounds:Invalid RuntimeGrid:None EditorOnly:0 RuntimeOnly:0 HLODRelevant:0 ListedInSceneOutliner:1 IsMainWorldOnly:0
 |   |   |- [+] [ 62]
 |   |   |   |- Guid:C05781A44D7C770E1C0960A3CA1C133F BaseClass: NativeClass:/Script/Landscape.LandscapeStreamingProxy Name:LandscapeStreamingProxy_D7T4VF4LBP34PHV9XOEVM5TIG_1_4_5_0 Label:LandscapeStreamingProxy_4_5_0 SpatiallyLoaded:1 Bounds:Invalid RuntimeGrid:None EditorOnly:0 RuntimeOnly:0 HLODRelevant:0 ListedInSceneOutliner:1 IsMainWorldOnly:0
 |   |   |- [+] [ 63]
 |   |   |   |- Guid:C08A14624000EB194F9392A655EE0F44 BaseClass: NativeClass:/Script/Landscape.LandscapeStreamingProxy Name:LandscapeStreamingProxy_D7T4VF4LBP34PHV9XOEVM5TIG_1_0_0_0 Label:LandscapeStreamingProxy_0_0_0 SpatiallyLoaded:1 Bounds:Invalid RuntimeGrid:None EditorOnly:0 RuntimeOnly:0 HLODRelevant:0 ListedInSceneOutliner:1 IsMainWorldOnly:0
 |   |   |- [+] [ 64]
 |   |   |   |- Guid:C56C132644701862CBD638A5DD4778F1 BaseClass: NativeClass:/Script/Landscape.LandscapeStreamingProxy Name:LandscapeStreamingProxy_D7T4VF4LBP34PHV9XOEVM5TIG_1_3_1_0 Label:LandscapeStreamingProxy_3_1_0 SpatiallyLoaded:1 Bounds:Invalid RuntimeGrid:None EditorOnly:0 RuntimeOnly:0 HLODRelevant:0 ListedInSceneOutliner:1 IsMainWorldOnly:0
 |   |   |- [+] [ 65]
 |   |   |   |- Guid:C5BE7A844D821610BF68FA846185D941 BaseClass: NativeClass:/Script/Landscape.LandscapeStreamingProxy Name:LandscapeStreamingProxy_D7T4VF4LBP34PHV9XOEVM5TIG_1_4_6_0 Label:LandscapeStreamingProxy_4_6_0 SpatiallyLoaded:1 Bounds:Invalid RuntimeGrid:None EditorOnly:0 RuntimeOnly:0 HLODRelevant:0 ListedInSceneOutliner:1 IsMainWorldOnly:0
 |   |   |- [+] [ 66]
 |   |   |   |- Guid:D3FB7383421AAEFD3DB6F8B1E415A9FE BaseClass: NativeClass:/Script/Engine.ExponentialHeightFog Name:ExponentialHeightFog_UAID_A85E45CFE40401D200_1470382763 Label:ExponentialHeightFog SpatiallyLoaded:0 Bounds:Invalid RuntimeGrid:None EditorOnly:0 RuntimeOnly:0 HLODRelevant:0 ListedInSceneOutliner:1 IsMainWorldOnly:0 FolderPath:Lighting FolderGuid:B7E9BD5B45A652654791988DEF54CCEB
 |   |   |- [+] [ 67]
 |   |   |   |- Guid:D7EBD1B64A395FA249930BA618DBFE6D BaseClass: NativeClass:/Script/Landscape.LandscapeStreamingProxy Name:LandscapeStreamingProxy_D7T4VF4LBP34PHV9XOEVM5TIG_1_0_5_0 Label:LandscapeStreamingProxy_0_5_0 SpatiallyLoaded:1 Bounds:Invalid RuntimeGrid:None EditorOnly:0 RuntimeOnly:0 HLODRelevant:0 ListedInSceneOutliner:1 IsMainWorldOnly:0
 |   |   |- [+] [ 68]
 |   |   |   |- Guid:DC43A67244732C412AFFA1B3074A05AE BaseClass: NativeClass:/Script/Landscape.LandscapeStreamingProxy Name:LandscapeStreamingProxy_D7T4VF4LBP34PHV9XOEVM5TIG_1_7_4_0 Label:LandscapeStreamingProxy_7_4_0 SpatiallyLoaded:1 Bounds:Invalid RuntimeGrid:None EditorOnly:0 RuntimeOnly:0 HLODRelevant:0 ListedInSceneOutliner:1 IsMainWorldOnly:0
 |   |   |- [+] [ 69]
 |   |   |   |- Guid:E2C9FC9C4AE0869C9ABEB8B3C02E7737 BaseClass:/Game/Dynamic/BluePrints/Enemy.Enemy_C NativeClass:/Script/Engine.Actor Name:Enemy_C_UAID_A8A1596B87CB0A5602_1704296071 Label:Enemy SpatiallyLoaded:1 Bounds:Invalid RuntimeGrid:None EditorOnly:0 RuntimeOnly:0 HLODRelevant:0 ListedInSceneOutliner:1 IsMainWorldOnly:0
 |   |   |- [+] [ 70]
 |   |   |   |- Guid:E6C4C89747E65FCDCCFD648F081F47C2 BaseClass: NativeClass:/Script/Landscape.LandscapeStreamingProxy Name:LandscapeStreamingProxy_D7T4VF4LBP34PHV9XOEVM5TIG_1_3_3_0 Label:LandscapeStreamingProxy_3_3_0 SpatiallyLoaded:1 Bounds:Invalid RuntimeGrid:None EditorOnly:0 RuntimeOnly:0 HLODRelevant:0 ListedInSceneOutliner:1 IsMainWorldOnly:0
 |   |   |- [+] [ 71]
 |   |   |   |- Guid:F698883443058A9F883FB7852DDEE8F1 BaseClass: NativeClass:/Script/Landscape.LandscapeStreamingProxy Name:LandscapeStreamingProxy_D7T4VF4LBP34PHV9XOEVM5TIG_1_6_6_0 Label:LandscapeStreamingProxy_6_6_0 SpatiallyLoaded:1 Bounds:Invalid RuntimeGrid:None EditorOnly:0 RuntimeOnly:0 HLODRelevant:0 ListedInSceneOutliner:1 IsMainWorldOnly:0
 |   |   |- [+] [ 72]
 |   |   |   |- Guid:F947F18B49858105B55E08A21E067F09 BaseClass: NativeClass:/Script/Landscape.LandscapeStreamingProxy Name:LandscapeStreamingProxy_D7T4VF4LBP34PHV9XOEVM5TIG_1_5_5_0 Label:LandscapeStreamingProxy_5_5_0 SpatiallyLoaded:1 Bounds:Invalid RuntimeGrid:None EditorOnly:0 RuntimeOnly:0 HLODRelevant:0 ListedInSceneOutliner:1 IsMainWorldOnly:0
 |   |   |- [+] [ 73]
 |   |   |   |- Guid:FC95DF384AD9CF7A5647699C01E254A2 BaseClass: NativeClass:/Script/Landscape.LandscapeStreamingProxy Name:LandscapeStreamingProxy_D7T4VF4LBP34PHV9XOEVM5TIG_1_1_3_0 Label:LandscapeStreamingProxy_1_3_0 SpatiallyLoaded:1 Bounds:Invalid RuntimeGrid:None EditorOnly:0 RuntimeOnly:0 HLODRelevant:0 ListedInSceneOutliner:1 IsMainWorldOnly:0
 |   |   |- [+] [ 74]
 |   |   |   |- Guid:FE635E06438230491F5EA2AE5A1DB0AC BaseClass: NativeClass:/Script/Landscape.LandscapeStreamingProxy Name:LandscapeStreamingProxy_D7T4VF4LBP34PHV9XOEVM5TIG_1_3_0_0 Label:LandscapeStreamingProxy_3_0_0 SpatiallyLoaded:1 Bounds:Invalid RuntimeGrid:None EditorOnly:0 RuntimeOnly:0 HLODRelevant:0 ListedInSceneOutliner:1 IsMainWorldOnly:0
 |- ContainerInstances:
 |- [+] MainContainer:
 |   |-        ID: 00000000000000000000000000000000
 |   |-  ParentID: 00000000000000000000000000000000
 |   |-    Bounds: IsValid=false, Min=(X=0.000 Y=0.000 Z=0.000), Max=(X=0.000 Y=0.000 Z=0.000)
 |   |- Transform: 0.000000,0.000000,0.000000|0.000000,0.000000,-0.000000|1.000000,1.000000,1.000000
 |   |- Container: /Game/Dynamic/Maps/Debut-SkyScraperMap
----------------------------------------------------------------------------------------------------------------
Debut-SkyScraperMap - Persistent Level
----------------------------------------------------------------------------------------------------------------
[+] Content of Debut-SkyScraperMap Persistent Level
 |- Always loaded Actor Count: 75 
 |- Actor Path: /Game/Dynamic/Maps/Debut-SkyScraperMap.Debut-SkyScraperMap:PersistentLevel.DirectionalLight_UAID_A85E45CFE40401D200_1470382761
 |- Actor Package: /Game/__ExternalActors__/Dynamic/Maps/Debut-SkyScraperMap/4/OK/HGVR4UA7VUN79F0ONU8LB6
 |- Actor Path: /Game/Dynamic/Maps/Debut-SkyScraperMap.Debut-SkyScraperMap:PersistentLevel.Enemy_C_UAID_A8A1596B87CB0A5602_1704296071
 |- Actor Package: /Game/__ExternalActors__/Dynamic/Maps/Debut-SkyScraperMap/6/5I/M18AFW7F5UDOGMY3ZDMCCZ
 |- Actor Path: /Game/Dynamic/Maps/Debut-SkyScraperMap.Debut-SkyScraperMap:PersistentLevel.ExponentialHeightFog_UAID_A85E45CFE40401D200_1470382763
 |- Actor Package: /Game/__ExternalActors__/Dynamic/Maps/Debut-SkyScraperMap/D/IE/VRVXISJZB5RHGUN5JNTDCT
 |- Actor Path: /Game/Dynamic/Maps/Debut-SkyScraperMap.Debut-SkyScraperMap:PersistentLevel.Landscape_UAID_A85E45CFE404FBD100_1221515703
 |- Actor Package: /Game/__ExternalActors__/Dynamic/Maps/Debut-SkyScraperMap/C/QB/4L3VHI6O38MRKXQHRUGIX4
 |- Actor Path: /Game/Dynamic/Maps/Debut-SkyScraperMap.Debut-SkyScraperMap:PersistentLevel.LandscapeStreamingProxy_D7T4VF4LBP34PHV9XOEVM5TIG_1_0_0_0
 |- Actor Package: /Game/__ExternalActors__/Dynamic/Maps/Debut-SkyScraperMap/8/RX/G8BDO4SBBHZQIXYUH1KKOD
 |- Actor Path: /Game/Dynamic/Maps/Debut-SkyScraperMap.Debut-SkyScraperMap:PersistentLevel.LandscapeStreamingProxy_D7T4VF4LBP34PHV9XOEVM5TIG_1_0_1_0
 |- Actor Package: /Game/__ExternalActors__/Dynamic/Maps/Debut-SkyScraperMap/2/HC/7A5ZCIU90HFO26Q3KNRQR2
 |- Actor Path: /Game/Dynamic/Maps/Debut-SkyScraperMap.Debut-SkyScraperMap:PersistentLevel.LandscapeStreamingProxy_D7T4VF4LBP34PHV9XOEVM5TIG_1_0_2_0
 |- Actor Package: /Game/__ExternalActors__/Dynamic/Maps/Debut-SkyScraperMap/D/79/PU362PT8R8JPLYQ2I586Q8
 |- Actor Path: /Game/Dynamic/Maps/Debut-SkyScraperMap.Debut-SkyScraperMap:PersistentLevel.LandscapeStreamingProxy_D7T4VF4LBP34PHV9XOEVM5TIG_1_0_3_0
 |- Actor Package: /Game/__ExternalActors__/Dynamic/Maps/Debut-SkyScraperMap/C/HA/CKMNZADJFTUH03GGB2716D
 |- Actor Path: /Game/Dynamic/Maps/Debut-SkyScraperMap.Debut-SkyScraperMap:PersistentLevel.LandscapeStreamingProxy_D7T4VF4LBP34PHV9XOEVM5TIG_1_0_4_0
 |- Actor Package: /Game/__ExternalActors__/Dynamic/Maps/Debut-SkyScraperMap/C/8H/JPNNVKD1LXG70TV5OG5WBI
 |- Actor Path: /Game/Dynamic/Maps/Debut-SkyScraperMap.Debut-SkyScraperMap:PersistentLevel.LandscapeStreamingProxy_D7T4VF4LBP34PHV9XOEVM5TIG_1_0_5_0
 |- Actor Package: /Game/__ExternalActors__/Dynamic/Maps/Debut-SkyScraperMap/5/CL/S91Y14HUEX1TX7STIVIY5E
 |- Actor Path: /Game/Dynamic/Maps/Debut-SkyScraperMap.Debut-SkyScraperMap:PersistentLevel.LandscapeStreamingProxy_D7T4VF4LBP34PHV9XOEVM5TIG_1_0_6_0
 |- Actor Package: /Game/__ExternalActors__/Dynamic/Maps/Debut-SkyScraperMap/6/0V/170U9EJ4QMXE1THM5HCNQ4
 |- Actor Path: /Game/Dynamic/Maps/Debut-SkyScraperMap.Debut-SkyScraperMap:PersistentLevel.LandscapeStreamingProxy_D7T4VF4LBP34PHV9XOEVM5TIG_1_0_7_0
 |- Actor Package: /Game/__ExternalActors__/Dynamic/Maps/Debut-SkyScraperMap/0/ZR/EN0OWUW2WYJPFLQD9SDBJI
 |- Actor Path: /Game/Dynamic/Maps/Debut-SkyScraperMap.Debut-SkyScraperMap:PersistentLevel.LandscapeStreamingProxy_D7T4VF4LBP34PHV9XOEVM5TIG_1_1_0_0
 |- Actor Package: /Game/__ExternalActors__/Dynamic/Maps/Debut-SkyScraperMap/C/TI/RSQM9YKYT70R5PXPCU2MKH
 |- Actor Path: /Game/Dynamic/Maps/Debut-SkyScraperMap.Debut-SkyScraperMap:PersistentLevel.LandscapeStreamingProxy_D7T4VF4LBP34PHV9XOEVM5TIG_1_1_1_0
 |- Actor Package: /Game/__ExternalActors__/Dynamic/Maps/Debut-SkyScraperMap/0/MN/FFWOV5X4F3TBLUP6H0PSRJ
 |- Actor Path: /Game/Dynamic/Maps/Debut-SkyScraperMap.Debut-SkyScraperMap:PersistentLevel.LandscapeStreamingProxy_D7T4VF4LBP34PHV9XOEVM5TIG_1_1_2_0
 |- Actor Package: /Game/__ExternalActors__/Dynamic/Maps/Debut-SkyScraperMap/8/MK/9IVB1CO4KBYHTETP75ACWJ
 |- Actor Path: /Game/Dynamic/Maps/Debut-SkyScraperMap.Debut-SkyScraperMap:PersistentLevel.LandscapeStreamingProxy_D7T4VF4LBP34PHV9XOEVM5TIG_1_1_3_0
 |- Actor Package: /Game/__ExternalActors__/Dynamic/Maps/Debut-SkyScraperMap/4/GI/GMC8Q3ZMNXU8QC7SMQ7531
 |- Actor Path: /Game/Dynamic/Maps/Debut-SkyScraperMap.Debut-SkyScraperMap:PersistentLevel.LandscapeStreamingProxy_D7T4VF4LBP34PHV9XOEVM5TIG_1_1_4_0
 |- Actor Package: /Game/__ExternalActors__/Dynamic/Maps/Debut-SkyScraperMap/9/FE/GNQEISYRBYZF6RBJZ7GSTU
 |- Actor Path: /Game/Dynamic/Maps/Debut-SkyScraperMap.Debut-SkyScraperMap:PersistentLevel.LandscapeStreamingProxy_D7T4VF4LBP34PHV9XOEVM5TIG_1_1_5_0
 |- Actor Package: /Game/__ExternalActors__/Dynamic/Maps/Debut-SkyScraperMap/7/X2/GU3WI98IYVGG83MBXRQWVU
 |- Actor Path: /Game/Dynamic/Maps/Debut-SkyScraperMap.Debut-SkyScraperMap:PersistentLevel.LandscapeStreamingProxy_D7T4VF4LBP34PHV9XOEVM5TIG_1_1_6_0
 |- Actor Package: /Game/__ExternalActors__/Dynamic/Maps/Debut-SkyScraperMap/4/IB/1BDJ9DDJMB2UUTU7LQX7AW
 |- Actor Path: /Game/Dynamic/Maps/Debut-SkyScraperMap.Debut-SkyScraperMap:PersistentLevel.LandscapeStreamingProxy_D7T4VF4LBP34PHV9XOEVM5TIG_1_1_7_0
 |- Actor Package: /Game/__ExternalActors__/Dynamic/Maps/Debut-SkyScraperMap/C/FW/WCTMGFESRKPH4WMTQVDMBG
 |- Actor Path: /Game/Dynamic/Maps/Debut-SkyScraperMap.Debut-SkyScraperMap:PersistentLevel.LandscapeStreamingProxy_D7T4VF4LBP34PHV9XOEVM5TIG_1_2_0_0
 |- Actor Package: /Game/__ExternalActors__/Dynamic/Maps/Debut-SkyScraperMap/6/I6/BXXKA9WU4KY2M766MQIOHU
 |- Actor Path: /Game/Dynamic/Maps/Debut-SkyScraperMap.Debut-SkyScraperMap:PersistentLevel.LandscapeStreamingProxy_D7T4VF4LBP34PHV9XOEVM5TIG_1_2_1_0
 |- Actor Package: /Game/__ExternalActors__/Dynamic/Maps/Debut-SkyScraperMap/6/1M/4MMEP4OJ9KPG8OJR90H43H
 |- Actor Path: /Game/Dynamic/Maps/Debut-SkyScraperMap.Debut-SkyScraperMap:PersistentLevel.LandscapeStreamingProxy_D7T4VF4LBP34PHV9XOEVM5TIG_1_2_2_0
 |- Actor Package: /Game/__ExternalActors__/Dynamic/Maps/Debut-SkyScraperMap/2/L5/S9ZKJX18PH1DNJG5B7SNAA
 |- Actor Path: /Game/Dynamic/Maps/Debut-SkyScraperMap.Debut-SkyScraperMap:PersistentLevel.LandscapeStreamingProxy_D7T4VF4LBP34PHV9XOEVM5TIG_1_2_3_0
 |- Actor Package: /Game/__ExternalActors__/Dynamic/Maps/Debut-SkyScraperMap/0/R4/NYANV9XQYOHC9H28AF4L7A
 |- Actor Path: /Game/Dynamic/Maps/Debut-SkyScraperMap.Debut-SkyScraperMap:PersistentLevel.LandscapeStreamingProxy_D7T4VF4LBP34PHV9XOEVM5TIG_1_2_4_0
 |- Actor Package: /Game/__ExternalActors__/Dynamic/Maps/Debut-SkyScraperMap/0/9R/S4RLL8MCUVAB7MWT6X5UR6
 |- Actor Path: /Game/Dynamic/Maps/Debut-SkyScraperMap.Debut-SkyScraperMap:PersistentLevel.LandscapeStreamingProxy_D7T4VF4LBP34PHV9XOEVM5TIG_1_2_5_0
 |- Actor Package: /Game/__ExternalActors__/Dynamic/Maps/Debut-SkyScraperMap/9/0C/NO9E0WV80864BJIRG2VIDR
 |- Actor Path: /Game/Dynamic/Maps/Debut-SkyScraperMap.Debut-SkyScraperMap:PersistentLevel.LandscapeStreamingProxy_D7T4VF4LBP34PHV9XOEVM5TIG_1_2_6_0
 |- Actor Package: /Game/__ExternalActors__/Dynamic/Maps/Debut-SkyScraperMap/4/6B/DB35YVUBML7Z1JQVP7C3G1
 |- Actor Path: /Game/Dynamic/Maps/Debut-SkyScraperMap.Debut-SkyScraperMap:PersistentLevel.LandscapeStreamingProxy_D7T4VF4LBP34PHV9XOEVM5TIG_1_2_7_0
 |- Actor Package: /Game/__ExternalActors__/Dynamic/Maps/Debut-SkyScraperMap/C/2W/2O4Z30JTNAHR7NGOO3MMV3
 |- Actor Path: /Game/Dynamic/Maps/Debut-SkyScraperMap.Debut-SkyScraperMap:PersistentLevel.LandscapeStreamingProxy_D7T4VF4LBP34PHV9XOEVM5TIG_1_3_0_0
 |- Actor Package: /Game/__ExternalActors__/Dynamic/Maps/Debut-SkyScraperMap/3/ZK/4028LK022L34VSTN8OSDH0
 |- Actor Path: /Game/Dynamic/Maps/Debut-SkyScraperMap.Debut-SkyScraperMap:PersistentLevel.LandscapeStreamingProxy_D7T4VF4LBP34PHV9XOEVM5TIG_1_3_1_0
 |- Actor Package: /Game/__ExternalActors__/Dynamic/Maps/Debut-SkyScraperMap/4/B9/9DAH9WUWKGMISM9ABV006H
 |- Actor Path: /Game/Dynamic/Maps/Debut-SkyScraperMap.Debut-SkyScraperMap:PersistentLevel.LandscapeStreamingProxy_D7T4VF4LBP34PHV9XOEVM5TIG_1_3_2_0
 |- Actor Package: /Game/__ExternalActors__/Dynamic/Maps/Debut-SkyScraperMap/D/0G/31XGF3REZG2UT0EUXEL818
 |- Actor Path: /Game/Dynamic/Maps/Debut-SkyScraperMap.Debut-SkyScraperMap:PersistentLevel.LandscapeStreamingProxy_D7T4VF4LBP34PHV9XOEVM5TIG_1_3_3_0
 |- Actor Package: /Game/__ExternalActors__/Dynamic/Maps/Debut-SkyScraperMap/8/Y5/8GQN1XBVCBK4LEWRTA4OCI
 |- Actor Path: /Game/Dynamic/Maps/Debut-SkyScraperMap.Debut-SkyScraperMap:PersistentLevel.LandscapeStreamingProxy_D7T4VF4LBP34PHV9XOEVM5TIG_1_3_4_0
 |- Actor Package: /Game/__ExternalActors__/Dynamic/Maps/Debut-SkyScraperMap/2/6E/ENWWX35NYLWJTYQF8NX5ZY
 |- Actor Path: /Game/Dynamic/Maps/Debut-SkyScraperMap.Debut-SkyScraperMap:PersistentLevel.LandscapeStreamingProxy_D7T4VF4LBP34PHV9XOEVM5TIG_1_3_5_0
 |- Actor Package: /Game/__ExternalActors__/Dynamic/Maps/Debut-SkyScraperMap/1/FH/25OR3LB4UJO9H9ZS6DQPOI
 |- Actor Path: /Game/Dynamic/Maps/Debut-SkyScraperMap.Debut-SkyScraperMap:PersistentLevel.LandscapeStreamingProxy_D7T4VF4LBP34PHV9XOEVM5TIG_1_3_6_0
 |- Actor Package: /Game/__ExternalActors__/Dynamic/Maps/Debut-SkyScraperMap/7/YG/WIPSREPW6Y8OYN5SJQDWS5
 |- Actor Path: /Game/Dynamic/Maps/Debut-SkyScraperMap.Debut-SkyScraperMap:PersistentLevel.LandscapeStreamingProxy_D7T4VF4LBP34PHV9XOEVM5TIG_1_3_7_0
 |- Actor Package: /Game/__ExternalActors__/Dynamic/Maps/Debut-SkyScraperMap/1/M0/OIPK9O3W9R8MPESVTJ98RO
 |- Actor Path: /Game/Dynamic/Maps/Debut-SkyScraperMap.Debut-SkyScraperMap:PersistentLevel.LandscapeStreamingProxy_D7T4VF4LBP34PHV9XOEVM5TIG_1_4_0_0
 |- Actor Package: /Game/__ExternalActors__/Dynamic/Maps/Debut-SkyScraperMap/1/JT/JYOY7758OG4WN2GCPEAM8V
 |- Actor Path: /Game/Dynamic/Maps/Debut-SkyScraperMap.Debut-SkyScraperMap:PersistentLevel.LandscapeStreamingProxy_D7T4VF4LBP34PHV9XOEVM5TIG_1_4_1_0
 |- Actor Package: /Game/__ExternalActors__/Dynamic/Maps/Debut-SkyScraperMap/C/R5/UEJK1YI6EHUSA7PLQU38KP
 |- Actor Path: /Game/Dynamic/Maps/Debut-SkyScraperMap.Debut-SkyScraperMap:PersistentLevel.LandscapeStreamingProxy_D7T4VF4LBP34PHV9XOEVM5TIG_1_4_2_0
 |- Actor Package: /Game/__ExternalActors__/Dynamic/Maps/Debut-SkyScraperMap/6/KD/AYQYHEBI3OMKL4XXFWV47K
 |- Actor Path: /Game/Dynamic/Maps/Debut-SkyScraperMap.Debut-SkyScraperMap:PersistentLevel.LandscapeStreamingProxy_D7T4VF4LBP34PHV9XOEVM5TIG_1_4_3_0
 |- Actor Package: /Game/__ExternalActors__/Dynamic/Maps/Debut-SkyScraperMap/7/I1/1F7A05NM119Q22F26NL29X
 |- Actor Path: /Game/Dynamic/Maps/Debut-SkyScraperMap.Debut-SkyScraperMap:PersistentLevel.LandscapeStreamingProxy_D7T4VF4LBP34PHV9XOEVM5TIG_1_4_4_0
 |- Actor Package: /Game/__ExternalActors__/Dynamic/Maps/Debut-SkyScraperMap/8/VV/ZQHJXHI5DWI8X40ZLXH9P9
 |- Actor Path: /Game/Dynamic/Maps/Debut-SkyScraperMap.Debut-SkyScraperMap:PersistentLevel.LandscapeStreamingProxy_D7T4VF4LBP34PHV9XOEVM5TIG_1_4_5_0
 |- Actor Package: /Game/__ExternalActors__/Dynamic/Maps/Debut-SkyScraperMap/C/RR/BUGZGMO6ZU66GOY4974AVC
 |- Actor Path: /Game/Dynamic/Maps/Debut-SkyScraperMap.Debut-SkyScraperMap:PersistentLevel.LandscapeStreamingProxy_D7T4VF4LBP34PHV9XOEVM5TIG_1_4_6_0
 |- Actor Package: /Game/__ExternalActors__/Dynamic/Maps/Debut-SkyScraperMap/6/17/R6TSWSIYWLIL3EXEQ9MTP5
 |- Actor Path: /Game/Dynamic/Maps/Debut-SkyScraperMap.Debut-SkyScraperMap:PersistentLevel.LandscapeStreamingProxy_D7T4VF4LBP34PHV9XOEVM5TIG_1_4_7_0
 |- Actor Package: /Game/__ExternalActors__/Dynamic/Maps/Debut-SkyScraperMap/A/UW/688VSBQI5OWU7NMF03Z7TK
 |- Actor Path: /Game/Dynamic/Maps/Debut-SkyScraperMap.Debut-SkyScraperMap:PersistentLevel.LandscapeStreamingProxy_D7T4VF4LBP34PHV9XOEVM5TIG_1_5_0_0
 |- Actor Package: /Game/__ExternalActors__/Dynamic/Maps/Debut-SkyScraperMap/9/56/3CQKIB2QRU9P26TW0RAK72
 |- Actor Path: /Game/Dynamic/Maps/Debut-SkyScraperMap.Debut-SkyScraperMap:PersistentLevel.LandscapeStreamingProxy_D7T4VF4LBP34PHV9XOEVM5TIG_1_5_1_0
 |- Actor Package: /Game/__ExternalActors__/Dynamic/Maps/Debut-SkyScraperMap/3/JU/KM4QI82XCVNWCF9ED2IY39
 |- Actor Path: /Game/Dynamic/Maps/Debut-SkyScraperMap.Debut-SkyScraperMap:PersistentLevel.LandscapeStreamingProxy_D7T4VF4LBP34PHV9XOEVM5TIG_1_5_2_0
 |- Actor Package: /Game/__ExternalActors__/Dynamic/Maps/Debut-SkyScraperMap/8/X9/J668FGJA5FR6XG1R3ENBG3
 |- Actor Path: /Game/Dynamic/Maps/Debut-SkyScraperMap.Debut-SkyScraperMap:PersistentLevel.LandscapeStreamingProxy_D7T4VF4LBP34PHV9XOEVM5TIG_1_5_3_0
 |- Actor Package: /Game/__ExternalActors__/Dynamic/Maps/Debut-SkyScraperMap/B/FZ/2QT1F089YD8L1H4PO6RPLA
 |- Actor Path: /Game/Dynamic/Maps/Debut-SkyScraperMap.Debut-SkyScraperMap:PersistentLevel.LandscapeStreamingProxy_D7T4VF4LBP34PHV9XOEVM5TIG_1_5_4_0
 |- Actor Package: /Game/__ExternalActors__/Dynamic/Maps/Debut-SkyScraperMap/A/AL/RZRSLDQRQFQVFHN5MQCHA0
 |- Actor Path: /Game/Dynamic/Maps/Debut-SkyScraperMap.Debut-SkyScraperMap:PersistentLevel.LandscapeStreamingProxy_D7T4VF4LBP34PHV9XOEVM5TIG_1_5_5_0
 |- Actor Package: /Game/__ExternalActors__/Dynamic/Maps/Debut-SkyScraperMap/7/E4/29JG7WUDJ4PYW0UYWRUD6J
 |- Actor Path: /Game/Dynamic/Maps/Debut-SkyScraperMap.Debut-SkyScraperMap:PersistentLevel.LandscapeStreamingProxy_D7T4VF4LBP34PHV9XOEVM5TIG_1_5_6_0
 |- Actor Package: /Game/__ExternalActors__/Dynamic/Maps/Debut-SkyScraperMap/A/DJ/MD6DCIPD0B5OA6G7LN1F9S
 |- Actor Path: /Game/Dynamic/Maps/Debut-SkyScraperMap.Debut-SkyScraperMap:PersistentLevel.LandscapeStreamingProxy_D7T4VF4LBP34PHV9XOEVM5TIG_1_5_7_0
 |- Actor Package: /Game/__ExternalActors__/Dynamic/Maps/Debut-SkyScraperMap/5/QF/KA9V0777OMMA17CRYQIRVM
 |- Actor Path: /Game/Dynamic/Maps/Debut-SkyScraperMap.Debut-SkyScraperMap:PersistentLevel.LandscapeStreamingProxy_D7T4VF4LBP34PHV9XOEVM5TIG_1_6_0_0
 |- Actor Package: /Game/__ExternalActors__/Dynamic/Maps/Debut-SkyScraperMap/9/B2/AJI55JBDD36RSSMKQ3HJPR
 |- Actor Path: /Game/Dynamic/Maps/Debut-SkyScraperMap.Debut-SkyScraperMap:PersistentLevel.LandscapeStreamingProxy_D7T4VF4LBP34PHV9XOEVM5TIG_1_6_1_0
 |- Actor Package: /Game/__ExternalActors__/Dynamic/Maps/Debut-SkyScraperMap/D/FN/Z3A51A1ELREI3FVL4I4HZU
 |- Actor Path: /Game/Dynamic/Maps/Debut-SkyScraperMap.Debut-SkyScraperMap:PersistentLevel.LandscapeStreamingProxy_D7T4VF4LBP34PHV9XOEVM5TIG_1_6_2_0
 |- Actor Package: /Game/__ExternalActors__/Dynamic/Maps/Debut-SkyScraperMap/0/NS/T60TVSO9YVH5W1C7SHYP9C
 |- Actor Path: /Game/Dynamic/Maps/Debut-SkyScraperMap.Debut-SkyScraperMap:PersistentLevel.LandscapeStreamingProxy_D7T4VF4LBP34PHV9XOEVM5TIG_1_6_3_0
 |- Actor Package: /Game/__ExternalActors__/Dynamic/Maps/Debut-SkyScraperMap/A/QD/O1R8FL4DQVE6WC90QT5BSB
 |- Actor Path: /Game/Dynamic/Maps/Debut-SkyScraperMap.Debut-SkyScraperMap:PersistentLevel.LandscapeStreamingProxy_D7T4VF4LBP34PHV9XOEVM5TIG_1_6_4_0
 |- Actor Package: /Game/__ExternalActors__/Dynamic/Maps/Debut-SkyScraperMap/5/KY/R6GXUHM5E3EEDKROUAP8W4
 |- Actor Path: /Game/Dynamic/Maps/Debut-SkyScraperMap.Debut-SkyScraperMap:PersistentLevel.LandscapeStreamingProxy_D7T4VF4LBP34PHV9XOEVM5TIG_1_6_5_0
 |- Actor Package: /Game/__ExternalActors__/Dynamic/Maps/Debut-SkyScraperMap/9/NY/H6GWJ3YF8AJBPNTJUQ6I3Q
 |- Actor Path: /Game/Dynamic/Maps/Debut-SkyScraperMap.Debut-SkyScraperMap:PersistentLevel.LandscapeStreamingProxy_D7T4VF4LBP34PHV9XOEVM5TIG_1_6_6_0
 |- Actor Package: /Game/__ExternalActors__/Dynamic/Maps/Debut-SkyScraperMap/8/X8/71QTJ7O05PU2JZJX1N1N2X
 |- Actor Path: /Game/Dynamic/Maps/Debut-SkyScraperMap.Debut-SkyScraperMap:PersistentLevel.LandscapeStreamingProxy_D7T4VF4LBP34PHV9XOEVM5TIG_1_6_7_0
 |- Actor Package: /Game/__ExternalActors__/Dynamic/Maps/Debut-SkyScraperMap/B/D8/HY7OIDXXWUGB27VQPFKW1G
 |- Actor Path: /Game/Dynamic/Maps/Debut-SkyScraperMap.Debut-SkyScraperMap:PersistentLevel.LandscapeStreamingProxy_D7T4VF4LBP34PHV9XOEVM5TIG_1_7_0_0
 |- Actor Package: /Game/__ExternalActors__/Dynamic/Maps/Debut-SkyScraperMap/1/YX/RZ1RQOFP7A562ZFTVUNMBD
 |- Actor Path: /Game/Dynamic/Maps/Debut-SkyScraperMap.Debut-SkyScraperMap:PersistentLevel.LandscapeStreamingProxy_D7T4VF4LBP34PHV9XOEVM5TIG_1_7_1_0
 |- Actor Package: /Game/__ExternalActors__/Dynamic/Maps/Debut-SkyScraperMap/3/GG/JXEE91HIBJMF8FUOC0ZHDT
 |- Actor Path: /Game/Dynamic/Maps/Debut-SkyScraperMap.Debut-SkyScraperMap:PersistentLevel.LandscapeStreamingProxy_D7T4VF4LBP34PHV9XOEVM5TIG_1_7_2_0
 |- Actor Package: /Game/__ExternalActors__/Dynamic/Maps/Debut-SkyScraperMap/0/XO/VWTEGEQI2LJSJIJLNKWWRB
 |- Actor Path: /Game/Dynamic/Maps/Debut-SkyScraperMap.Debut-SkyScraperMap:PersistentLevel.LandscapeStreamingProxy_D7T4VF4LBP34PHV9XOEVM5TIG_1_7_3_0
 |- Actor Package: /Game/__ExternalActors__/Dynamic/Maps/Debut-SkyScraperMap/3/3V/9LKV6BHNJ1COYX9K9INZPL
 |- Actor Path: /Game/Dynamic/Maps/Debut-SkyScraperMap.Debut-SkyScraperMap:PersistentLevel.LandscapeStreamingProxy_D7T4VF4LBP34PHV9XOEVM5TIG_1_7_4_0
 |- Actor Package: /Game/__ExternalActors__/Dynamic/Maps/Debut-SkyScraperMap/3/DM/E52B1NIBOWV0QUQH131MFR
 |- Actor Path: /Game/Dynamic/Maps/Debut-SkyScraperMap.Debut-SkyScraperMap:PersistentLevel.LandscapeStreamingProxy_D7T4VF4LBP34PHV9XOEVM5TIG_1_7_5_0
 |- Actor Package: /Game/__ExternalActors__/Dynamic/Maps/Debut-SkyScraperMap/6/BA/LKACX5TQF0BSD35861MOGN
 |- Actor Path: /Game/Dynamic/Maps/Debut-SkyScraperMap.Debut-SkyScraperMap:PersistentLevel.LandscapeStreamingProxy_D7T4VF4LBP34PHV9XOEVM5TIG_1_7_6_0
 |- Actor Package: /Game/__ExternalActors__/Dynamic/Maps/Debut-SkyScraperMap/7/TA/TPGA6LZGJPY7QTEOSIVLRD
 |- Actor Path: /Game/Dynamic/Maps/Debut-SkyScraperMap.Debut-SkyScraperMap:PersistentLevel.LandscapeStreamingProxy_D7T4VF4LBP34PHV9XOEVM5TIG_1_7_7_0
 |- Actor Package: /Game/__ExternalActors__/Dynamic/Maps/Debut-SkyScraperMap/E/EU/HQXFCVV5QA2T9V7YJQLMVZ
 |- Actor Path: /Game/Dynamic/Maps/Debut-SkyScraperMap.Debut-SkyScraperMap:PersistentLevel.PlayerStart_UAID_F02F74551BF5599B01_1153002503
 |- Actor Package: /Game/__ExternalActors__/Dynamic/Maps/Debut-SkyScraperMap/6/Q6/VOCYFR5Y93JIC55KI428J9
 |- Actor Path: /Game/Dynamic/Maps/Debut-SkyScraperMap.Debut-SkyScraperMap:PersistentLevel.SkyAtmosphere_UAID_A85E45CFE40401D200_1470382762
 |- Actor Package: /Game/__ExternalActors__/Dynamic/Maps/Debut-SkyScraperMap/2/47/CFBL56YE3VZTRHEMAJ1CBV
 |- Actor Path: /Game/Dynamic/Maps/Debut-SkyScraperMap.Debut-SkyScraperMap:PersistentLevel.SkyLight_UAID_A85E45CFE40401D200_1470380759
 |- Actor Package: /Game/__ExternalActors__/Dynamic/Maps/Debut-SkyScraperMap/E/M3/ISQI5NPVX6VYHH1W7H8018
 |- Actor Path: /Game/Dynamic/Maps/Debut-SkyScraperMap.Debut-SkyScraperMap:PersistentLevel.StaticMeshActor_UAID_04ECD857BB0A295402_1308623416
 |- Actor Package: /Game/__ExternalActors__/Dynamic/Maps/Debut-SkyScraperMap/2/VQ/OB7NWR0L2V75O7ZXT6KM33
 |- Actor Path: /Game/Dynamic/Maps/Debut-SkyScraperMap.Debut-SkyScraperMap:PersistentLevel.StaticMeshActor_UAID_A4AE111137DC54FB00_1240666663
 |- Actor Package: /Game/__ExternalActors__/Dynamic/Maps/Debut-SkyScraperMap/0/V6/KLZMEHTA9Z9CJUSNI4I6NC
 |- Actor Path: /Game/Dynamic/Maps/Debut-SkyScraperMap.Debut-SkyScraperMap:PersistentLevel.VolumetricCloud_UAID_A85E45CFE40401D200_1470381760
 |- Actor Package: /Game/__ExternalActors__/Dynamic/Maps/Debut-SkyScraperMap/4/FO/095C4SEOK4DDWEOCT6A3SW
 |- Actor Path: /Game/Dynamic/Maps/Debut-SkyScraperMap.Debut-SkyScraperMap:PersistentLevel.WorldDataLayers
 |- Actor Package: /Game/__ExternalActors__/Dynamic/Maps/Debut-SkyScraperMap/4/EP/2F0NE3JE0CXQFHNSTYUOXT

----------------------------------------------------------------------------------------------------------------
Debut-SkyScraperMap - Runtime Hash Set
----------------------------------------------------------------------------------------------------------------

